2023-03-09 18:36:48 [INFO] Logging directory: /home/ryguan/TileSparsity_TVM/AutoSchedule/Outputs/MetaScheduler/bn_512_ts_2_N_1024/logs
2023-03-09 18:36:52 [INFO] LocalBuilder: max_workers = 10
2023-03-09 18:36:52 [INFO] [task_scheduler.cc:159] Initializing Task #0: "main"
2023-03-09 18:36:52 [INFO] [task_scheduler.cc:180] TaskScheduler picks Task #0: "main"
2023-03-09 18:36:53 [INFO] [task_scheduler.cc:193] Sending 1 sample(s) to builder
2023-03-09 18:36:54 [INFO] [task_scheduler.cc:195] Sending 1 sample(s) to runner
2023-03-09 18:36:54 [DEBUG] XGB iter   0: tr-p-rmse: 0.450000	tr-a-peak@32: 1.000000	tr-rmse: 0.450000	tr-rmse: 0.450000
2023-03-09 18:36:54 [DEBUG] XGB iter  25: tr-p-rmse: 0.032305	tr-a-peak@32: 1.000000	tr-rmse: 0.032305	tr-rmse: 0.032305
2023-03-09 18:36:54 [DEBUG] XGB iter  50: tr-p-rmse: 0.002319	tr-a-peak@32: 1.000000	tr-rmse: 0.002319	tr-rmse: 0.002319
2023-03-09 18:36:54 [DEBUG] XGB iter  75: tr-p-rmse: 0.000166	tr-a-peak@32: 1.000000	tr-rmse: 0.000166	tr-rmse: 0.000166
2023-03-09 18:36:54 [DEBUG] XGB iter 100: tr-p-rmse: 0.000012	tr-a-peak@32: 1.000000	tr-rmse: 0.000012	tr-rmse: 0.000012
2023-03-09 18:36:54 [DEBUG] XGB iter 125: tr-p-rmse: 0.000001	tr-a-peak@32: 1.000000	tr-rmse: 0.000001	tr-rmse: 0.000001
2023-03-09 18:36:54 [DEBUG] XGB iter 150: tr-p-rmse: 0.000000	tr-a-peak@32: 1.000000	tr-rmse: 0.000000	tr-rmse: 0.000000
2023-03-09 18:36:54 [DEBUG] XGB iter 175: tr-p-rmse: 0.000000	tr-a-peak@32: 1.000000	tr-rmse: 0.000000	tr-rmse: 0.000000
2023-03-09 18:36:54 [DEBUG] XGB stopped. Best iteration: [131] tr-p-rmse:0.00000	tr-a-peak@32:1.00000	tr-rmse:0.00000	tr-rmse:0.00000 
2023-03-09 18:36:54 [INFO] [task_scheduler.cc:237] [Updated] Task #0: "main"
2023-03-09 18:36:54 [INFO] [task_scheduler.cc:320] 
 ID | Name |    FLOP | Weight | Speed (GFLOPS) | Latency (us) | Weighted Latency (us) | Trials | Done 
------------------------------------------------------------------------------------------------------
  0 | main | 1048576 |      1 |        58.2040 |      18.0155 |               18.0155 |      1 |      
------------------------------------------------------------------------------------------------------
Total trials: 1
Total latency (us): 18.0155

2023-03-09 18:36:54 [INFO] [task_scheduler.cc:180] TaskScheduler picks Task #0: "main"
2023-03-09 18:36:55 [INFO] [task_scheduler.cc:193] Sending 0 sample(s) to builder
2023-03-09 18:36:55 [INFO] [task_scheduler.cc:195] Sending 0 sample(s) to runner
2023-03-09 18:36:55 [INFO] [task_scheduler.cc:237] [Updated] Task #0: "main"
2023-03-09 18:36:55 [INFO] [task_scheduler.cc:320] 
 ID | Name |    FLOP | Weight | Speed (GFLOPS) | Latency (us) | Weighted Latency (us) | Trials | Done 
------------------------------------------------------------------------------------------------------
  0 | main | 1048576 |      1 |        58.2040 |      18.0155 |               18.0155 |      1 |      
------------------------------------------------------------------------------------------------------
Total trials: 1
Total latency (us): 18.0155

2023-03-09 18:36:55 [INFO] [task_scheduler.cc:180] TaskScheduler picks Task #0: "main"
2023-03-09 18:36:55 [INFO] [task_scheduler.cc:193] Sending 0 sample(s) to builder
2023-03-09 18:36:55 [INFO] [task_scheduler.cc:195] Sending 0 sample(s) to runner
2023-03-09 18:36:55 [INFO] [task_scheduler.cc:237] [Updated] Task #0: "main"
2023-03-09 18:36:55 [INFO] [task_scheduler.cc:320] 
 ID | Name |    FLOP | Weight | Speed (GFLOPS) | Latency (us) | Weighted Latency (us) | Trials | Done 
------------------------------------------------------------------------------------------------------
  0 | main | 1048576 |      1 |        58.2040 |      18.0155 |               18.0155 |      1 |      
------------------------------------------------------------------------------------------------------
Total trials: 1
Total latency (us): 18.0155

2023-03-09 18:36:55 [INFO] [task_scheduler.cc:180] TaskScheduler picks Task #0: "main"
2023-03-09 18:36:55 [INFO] [task_scheduler.cc:193] Sending 0 sample(s) to builder
2023-03-09 18:36:55 [INFO] [task_scheduler.cc:195] Sending 0 sample(s) to runner
2023-03-09 18:36:55 [INFO] [task_scheduler.cc:237] [Updated] Task #0: "main"
2023-03-09 18:36:55 [INFO] [task_scheduler.cc:320] 
 ID | Name |    FLOP | Weight | Speed (GFLOPS) | Latency (us) | Weighted Latency (us) | Trials | Done 
------------------------------------------------------------------------------------------------------
  0 | main | 1048576 |      1 |        58.2040 |      18.0155 |               18.0155 |      1 |      
------------------------------------------------------------------------------------------------------
Total trials: 1
Total latency (us): 18.0155

2023-03-09 18:36:55 [INFO] [task_scheduler.cc:180] TaskScheduler picks Task #0: "main"
2023-03-09 18:36:56 [INFO] [task_scheduler.cc:193] Sending 0 sample(s) to builder
2023-03-09 18:36:56 [INFO] [task_scheduler.cc:195] Sending 0 sample(s) to runner
2023-03-09 18:36:56 [INFO] [task_scheduler.cc:237] [Updated] Task #0: "main"
2023-03-09 18:36:56 [INFO] [task_scheduler.cc:320] 
 ID | Name |    FLOP | Weight | Speed (GFLOPS) | Latency (us) | Weighted Latency (us) | Trials | Done 
------------------------------------------------------------------------------------------------------
  0 | main | 1048576 |      1 |        58.2040 |      18.0155 |               18.0155 |      1 |      
------------------------------------------------------------------------------------------------------
Total trials: 1
Total latency (us): 18.0155

2023-03-09 18:36:56 [INFO] [task_scheduler.cc:180] TaskScheduler picks Task #0: "main"
2023-03-09 18:36:56 [INFO] [task_scheduler.cc:260] Task #0 has finished. Remaining task(s): 0
2023-03-09 18:36:56 [INFO] [task_scheduler.cc:320] 
 ID | Name |    FLOP | Weight | Speed (GFLOPS) | Latency (us) | Weighted Latency (us) | Trials | Done 
------------------------------------------------------------------------------------------------------
  0 | main | 1048576 |      1 |        58.2040 |      18.0155 |               18.0155 |      1 |    Y 
------------------------------------------------------------------------------------------------------
Total trials: 1
Total latency (us): 18.0155

2023-03-09 19:31:13 [INFO] LocalRunner: max_workers = 1
2023-03-09 19:31:14 [INFO] Logging directory: /home/ryguan/TileSparsity_TVM/AutoSchedule/Outputs/MetaScheduler/bn_512_ts_2_N_1024/logs
2023-03-09 19:31:14 [INFO] LocalBuilder: max_workers = 10
2023-03-09 19:31:14 [INFO] [task_scheduler.cc:159] Initializing Task #0: "main"
2023-03-09 19:31:14 [INFO] [task_scheduler.cc:180] TaskScheduler picks Task #0: "main"
2023-03-09 19:31:14 [INFO] [task_scheduler.cc:193] Sending 1 sample(s) to builder
2023-03-09 19:31:15 [INFO] [task_scheduler.cc:195] Sending 1 sample(s) to runner
2023-03-09 19:31:16 [DEBUG] XGB iter   0: tr-p-rmse: 0.450000	tr-a-peak@32: 1.000000	tr-rmse: 0.450000	tr-rmse: 0.450000
2023-03-09 19:31:16 [DEBUG] XGB iter  25: tr-p-rmse: 0.032305	tr-a-peak@32: 1.000000	tr-rmse: 0.032305	tr-rmse: 0.032305
2023-03-09 19:31:16 [DEBUG] XGB iter  50: tr-p-rmse: 0.002319	tr-a-peak@32: 1.000000	tr-rmse: 0.002319	tr-rmse: 0.002319
2023-03-09 19:31:16 [DEBUG] XGB iter  75: tr-p-rmse: 0.000166	tr-a-peak@32: 1.000000	tr-rmse: 0.000166	tr-rmse: 0.000166
2023-03-09 19:31:16 [DEBUG] XGB iter 100: tr-p-rmse: 0.000012	tr-a-peak@32: 1.000000	tr-rmse: 0.000012	tr-rmse: 0.000012
2023-03-09 19:31:16 [DEBUG] XGB iter 125: tr-p-rmse: 0.000001	tr-a-peak@32: 1.000000	tr-rmse: 0.000001	tr-rmse: 0.000001
2023-03-09 19:31:16 [DEBUG] XGB iter 150: tr-p-rmse: 0.000000	tr-a-peak@32: 1.000000	tr-rmse: 0.000000	tr-rmse: 0.000000
2023-03-09 19:31:16 [DEBUG] XGB iter 175: tr-p-rmse: 0.000000	tr-a-peak@32: 1.000000	tr-rmse: 0.000000	tr-rmse: 0.000000
2023-03-09 19:31:16 [DEBUG] XGB stopped. Best iteration: [131] tr-p-rmse:0.00000	tr-a-peak@32:1.00000	tr-rmse:0.00000	tr-rmse:0.00000 
2023-03-09 19:31:16 [INFO] [task_scheduler.cc:237] [Updated] Task #0: "main"
2023-03-09 19:31:16 [INFO] [task_scheduler.cc:320] 
 ID | Name |    FLOP | Weight | Speed (GFLOPS) | Latency (us) | Weighted Latency (us) | Trials | Done 
------------------------------------------------------------------------------------------------------
  0 | main | 1048576 |      1 |        50.0990 |      20.9301 |               20.9301 |      1 |      
------------------------------------------------------------------------------------------------------
Total trials: 1
Total latency (us): 20.9301

2023-03-09 19:31:16 [INFO] [task_scheduler.cc:180] TaskScheduler picks Task #0: "main"
2023-03-09 19:31:16 [INFO] [task_scheduler.cc:193] Sending 0 sample(s) to builder
2023-03-09 19:31:16 [INFO] [task_scheduler.cc:195] Sending 0 sample(s) to runner
2023-03-09 19:31:16 [INFO] [task_scheduler.cc:237] [Updated] Task #0: "main"
2023-03-09 19:31:16 [INFO] [task_scheduler.cc:320] 
 ID | Name |    FLOP | Weight | Speed (GFLOPS) | Latency (us) | Weighted Latency (us) | Trials | Done 
------------------------------------------------------------------------------------------------------
  0 | main | 1048576 |      1 |        50.0990 |      20.9301 |               20.9301 |      1 |      
------------------------------------------------------------------------------------------------------
Total trials: 1
Total latency (us): 20.9301

2023-03-09 19:31:16 [INFO] [task_scheduler.cc:180] TaskScheduler picks Task #0: "main"
2023-03-09 19:31:17 [INFO] [task_scheduler.cc:193] Sending 0 sample(s) to builder
2023-03-09 19:31:17 [INFO] [task_scheduler.cc:195] Sending 0 sample(s) to runner
2023-03-09 19:31:17 [INFO] [task_scheduler.cc:237] [Updated] Task #0: "main"
2023-03-09 19:31:17 [INFO] [task_scheduler.cc:320] 
 ID | Name |    FLOP | Weight | Speed (GFLOPS) | Latency (us) | Weighted Latency (us) | Trials | Done 
------------------------------------------------------------------------------------------------------
  0 | main | 1048576 |      1 |        50.0990 |      20.9301 |               20.9301 |      1 |      
------------------------------------------------------------------------------------------------------
Total trials: 1
Total latency (us): 20.9301

2023-03-09 19:31:17 [INFO] [task_scheduler.cc:180] TaskScheduler picks Task #0: "main"
2023-03-09 19:31:17 [INFO] [task_scheduler.cc:193] Sending 0 sample(s) to builder
2023-03-09 19:31:17 [INFO] [task_scheduler.cc:195] Sending 0 sample(s) to runner
2023-03-09 19:31:17 [INFO] [task_scheduler.cc:237] [Updated] Task #0: "main"
2023-03-09 19:31:17 [INFO] [task_scheduler.cc:320] 
 ID | Name |    FLOP | Weight | Speed (GFLOPS) | Latency (us) | Weighted Latency (us) | Trials | Done 
------------------------------------------------------------------------------------------------------
  0 | main | 1048576 |      1 |        50.0990 |      20.9301 |               20.9301 |      1 |      
------------------------------------------------------------------------------------------------------
Total trials: 1
Total latency (us): 20.9301

2023-03-09 19:31:17 [INFO] [task_scheduler.cc:180] TaskScheduler picks Task #0: "main"
2023-03-09 19:31:18 [INFO] [task_scheduler.cc:193] Sending 0 sample(s) to builder
2023-03-09 19:31:18 [INFO] [task_scheduler.cc:195] Sending 0 sample(s) to runner
2023-03-09 19:31:18 [INFO] [task_scheduler.cc:237] [Updated] Task #0: "main"
2023-03-09 19:31:18 [INFO] [task_scheduler.cc:320] 
 ID | Name |    FLOP | Weight | Speed (GFLOPS) | Latency (us) | Weighted Latency (us) | Trials | Done 
------------------------------------------------------------------------------------------------------
  0 | main | 1048576 |      1 |        50.0990 |      20.9301 |               20.9301 |      1 |      
------------------------------------------------------------------------------------------------------
Total trials: 1
Total latency (us): 20.9301

2023-03-09 19:31:18 [INFO] [task_scheduler.cc:180] TaskScheduler picks Task #0: "main"
2023-03-09 19:31:18 [INFO] [task_scheduler.cc:260] Task #0 has finished. Remaining task(s): 0
2023-03-09 19:31:18 [INFO] [task_scheduler.cc:320] 
 ID | Name |    FLOP | Weight | Speed (GFLOPS) | Latency (us) | Weighted Latency (us) | Trials | Done 
------------------------------------------------------------------------------------------------------
  0 | main | 1048576 |      1 |        50.0990 |      20.9301 |               20.9301 |      1 |    Y 
------------------------------------------------------------------------------------------------------
Total trials: 1
Total latency (us): 20.9301

2023-03-09 20:25:52 [INFO] LocalRunner: max_workers = 1
2023-03-09 20:25:52 [INFO] Logging directory: /home/ryguan/TileSparsity_TVM/AutoSchedule/Outputs/MetaScheduler/bn_512_ts_2_N_1024/logs
2023-03-09 20:25:52 [INFO] LocalBuilder: max_workers = 10
2023-03-09 20:25:52 [INFO] [task_scheduler.cc:159] Initializing Task #0: "main"
2023-03-09 20:25:52 [INFO] [task_scheduler.cc:180] TaskScheduler picks Task #0: "main"
2023-03-09 20:25:53 [INFO] [task_scheduler.cc:193] Sending 1 sample(s) to builder
2023-03-09 20:25:53 [INFO] [task_scheduler.cc:195] Sending 1 sample(s) to runner
2023-03-09 20:25:54 [DEBUG] XGB iter   0: tr-p-rmse: 0.450000	tr-a-peak@32: 1.000000	tr-rmse: 0.450000	tr-rmse: 0.450000
2023-03-09 20:25:54 [DEBUG] XGB iter  25: tr-p-rmse: 0.032305	tr-a-peak@32: 1.000000	tr-rmse: 0.032305	tr-rmse: 0.032305
2023-03-09 20:25:54 [DEBUG] XGB iter  50: tr-p-rmse: 0.002319	tr-a-peak@32: 1.000000	tr-rmse: 0.002319	tr-rmse: 0.002319
2023-03-09 20:25:54 [DEBUG] XGB iter  75: tr-p-rmse: 0.000166	tr-a-peak@32: 1.000000	tr-rmse: 0.000166	tr-rmse: 0.000166
2023-03-09 20:25:54 [DEBUG] XGB iter 100: tr-p-rmse: 0.000012	tr-a-peak@32: 1.000000	tr-rmse: 0.000012	tr-rmse: 0.000012
2023-03-09 20:25:54 [DEBUG] XGB iter 125: tr-p-rmse: 0.000001	tr-a-peak@32: 1.000000	tr-rmse: 0.000001	tr-rmse: 0.000001
2023-03-09 20:25:54 [DEBUG] XGB iter 150: tr-p-rmse: 0.000000	tr-a-peak@32: 1.000000	tr-rmse: 0.000000	tr-rmse: 0.000000
2023-03-09 20:25:54 [DEBUG] XGB iter 175: tr-p-rmse: 0.000000	tr-a-peak@32: 1.000000	tr-rmse: 0.000000	tr-rmse: 0.000000
2023-03-09 20:25:54 [DEBUG] XGB stopped. Best iteration: [131] tr-p-rmse:0.00000	tr-a-peak@32:1.00000	tr-rmse:0.00000	tr-rmse:0.00000 
2023-03-09 20:25:54 [INFO] [task_scheduler.cc:237] [Updated] Task #0: "main"
2023-03-09 20:25:54 [INFO] [task_scheduler.cc:320] 
 ID | Name |    FLOP | Weight | Speed (GFLOPS) | Latency (us) | Weighted Latency (us) | Trials | Done 
------------------------------------------------------------------------------------------------------
  0 | main | 1048576 |      1 |        51.4861 |      20.3662 |               20.3662 |      1 |      
------------------------------------------------------------------------------------------------------
Total trials: 1
Total latency (us): 20.3662

2023-03-09 20:25:54 [INFO] [task_scheduler.cc:180] TaskScheduler picks Task #0: "main"
2023-03-09 20:25:54 [INFO] [task_scheduler.cc:193] Sending 0 sample(s) to builder
2023-03-09 20:25:54 [INFO] [task_scheduler.cc:195] Sending 0 sample(s) to runner
2023-03-09 20:25:54 [INFO] [task_scheduler.cc:237] [Updated] Task #0: "main"
2023-03-09 20:25:54 [INFO] [task_scheduler.cc:320] 
 ID | Name |    FLOP | Weight | Speed (GFLOPS) | Latency (us) | Weighted Latency (us) | Trials | Done 
------------------------------------------------------------------------------------------------------
  0 | main | 1048576 |      1 |        51.4861 |      20.3662 |               20.3662 |      1 |      
------------------------------------------------------------------------------------------------------
Total trials: 1
Total latency (us): 20.3662

2023-03-09 20:25:54 [INFO] [task_scheduler.cc:180] TaskScheduler picks Task #0: "main"
2023-03-09 20:25:55 [INFO] [task_scheduler.cc:193] Sending 0 sample(s) to builder
2023-03-09 20:25:55 [INFO] [task_scheduler.cc:195] Sending 0 sample(s) to runner
2023-03-09 20:25:55 [INFO] [task_scheduler.cc:237] [Updated] Task #0: "main"
2023-03-09 20:25:55 [INFO] [task_scheduler.cc:320] 
 ID | Name |    FLOP | Weight | Speed (GFLOPS) | Latency (us) | Weighted Latency (us) | Trials | Done 
------------------------------------------------------------------------------------------------------
  0 | main | 1048576 |      1 |        51.4861 |      20.3662 |               20.3662 |      1 |      
------------------------------------------------------------------------------------------------------
Total trials: 1
Total latency (us): 20.3662

2023-03-09 20:25:55 [INFO] [task_scheduler.cc:180] TaskScheduler picks Task #0: "main"
2023-03-09 20:25:55 [INFO] [task_scheduler.cc:193] Sending 0 sample(s) to builder
2023-03-09 20:25:55 [INFO] [task_scheduler.cc:195] Sending 0 sample(s) to runner
2023-03-09 20:25:55 [INFO] [task_scheduler.cc:237] [Updated] Task #0: "main"
2023-03-09 20:25:55 [INFO] [task_scheduler.cc:320] 
 ID | Name |    FLOP | Weight | Speed (GFLOPS) | Latency (us) | Weighted Latency (us) | Trials | Done 
------------------------------------------------------------------------------------------------------
  0 | main | 1048576 |      1 |        51.4861 |      20.3662 |               20.3662 |      1 |      
------------------------------------------------------------------------------------------------------
Total trials: 1
Total latency (us): 20.3662

2023-03-09 20:25:55 [INFO] [task_scheduler.cc:180] TaskScheduler picks Task #0: "main"
2023-03-09 20:25:56 [INFO] [task_scheduler.cc:193] Sending 0 sample(s) to builder
2023-03-09 20:25:56 [INFO] [task_scheduler.cc:195] Sending 0 sample(s) to runner
2023-03-09 20:25:56 [INFO] [task_scheduler.cc:237] [Updated] Task #0: "main"
2023-03-09 20:25:56 [INFO] [task_scheduler.cc:320] 
 ID | Name |    FLOP | Weight | Speed (GFLOPS) | Latency (us) | Weighted Latency (us) | Trials | Done 
------------------------------------------------------------------------------------------------------
  0 | main | 1048576 |      1 |        51.4861 |      20.3662 |               20.3662 |      1 |      
------------------------------------------------------------------------------------------------------
Total trials: 1
Total latency (us): 20.3662

2023-03-09 20:25:56 [INFO] [task_scheduler.cc:180] TaskScheduler picks Task #0: "main"
2023-03-09 20:25:56 [INFO] [task_scheduler.cc:260] Task #0 has finished. Remaining task(s): 0
2023-03-09 20:25:56 [INFO] [task_scheduler.cc:320] 
 ID | Name |    FLOP | Weight | Speed (GFLOPS) | Latency (us) | Weighted Latency (us) | Trials | Done 
------------------------------------------------------------------------------------------------------
  0 | main | 1048576 |      1 |        51.4861 |      20.3662 |               20.3662 |      1 |    Y 
------------------------------------------------------------------------------------------------------
Total trials: 1
Total latency (us): 20.3662

2023-03-09 21:12:31 [INFO] Logging directory: /home/ryguan/TileSparsity_TVM/AutoSchedule/Outputs/MetaScheduler/bn_512_ts_2_N_1024/logs
2023-03-09 21:12:35 [INFO] LocalBuilder: max_workers = 10
2023-03-09 21:12:35 [INFO] [task_scheduler.cc:159] Initializing Task #0: "main"
2023-03-09 21:12:35 [INFO] [task_scheduler.cc:180] TaskScheduler picks Task #0: "main"
2023-03-09 21:12:36 [INFO] [task_scheduler.cc:193] Sending 1 sample(s) to builder
2023-03-09 21:12:36 [INFO] [task_scheduler.cc:195] Sending 1 sample(s) to runner
2023-03-09 21:12:37 [DEBUG] XGB iter   0: tr-p-rmse: 0.450000	tr-a-peak@32: 1.000000	tr-rmse: 0.450000	tr-rmse: 0.450000
2023-03-09 21:12:37 [DEBUG] XGB iter  25: tr-p-rmse: 0.032305	tr-a-peak@32: 1.000000	tr-rmse: 0.032305	tr-rmse: 0.032305
2023-03-09 21:12:37 [DEBUG] XGB iter  50: tr-p-rmse: 0.002319	tr-a-peak@32: 1.000000	tr-rmse: 0.002319	tr-rmse: 0.002319
2023-03-09 21:12:37 [DEBUG] XGB iter  75: tr-p-rmse: 0.000166	tr-a-peak@32: 1.000000	tr-rmse: 0.000166	tr-rmse: 0.000166
2023-03-09 21:12:37 [DEBUG] XGB iter 100: tr-p-rmse: 0.000012	tr-a-peak@32: 1.000000	tr-rmse: 0.000012	tr-rmse: 0.000012
2023-03-09 21:12:37 [DEBUG] XGB iter 125: tr-p-rmse: 0.000001	tr-a-peak@32: 1.000000	tr-rmse: 0.000001	tr-rmse: 0.000001
2023-03-09 21:12:37 [DEBUG] XGB iter 150: tr-p-rmse: 0.000000	tr-a-peak@32: 1.000000	tr-rmse: 0.000000	tr-rmse: 0.000000
2023-03-09 21:12:37 [DEBUG] XGB iter 175: tr-p-rmse: 0.000000	tr-a-peak@32: 1.000000	tr-rmse: 0.000000	tr-rmse: 0.000000
2023-03-09 21:12:37 [DEBUG] XGB stopped. Best iteration: [131] tr-p-rmse:0.00000	tr-a-peak@32:1.00000	tr-rmse:0.00000	tr-rmse:0.00000 
2023-03-09 21:12:37 [INFO] [task_scheduler.cc:237] [Updated] Task #0: "main"
2023-03-09 21:12:37 [INFO] [task_scheduler.cc:320] 
 ID | Name |    FLOP | Weight | Speed (GFLOPS) | Latency (us) | Weighted Latency (us) | Trials | Done 
------------------------------------------------------------------------------------------------------
  0 | main | 1048576 |      1 |        81.2630 |      12.9035 |               12.9035 |      1 |      
------------------------------------------------------------------------------------------------------
Total trials: 1
Total latency (us): 12.9035

2023-03-09 21:12:37 [INFO] [task_scheduler.cc:180] TaskScheduler picks Task #0: "main"
2023-03-09 21:12:37 [INFO] [task_scheduler.cc:193] Sending 0 sample(s) to builder
2023-03-09 21:12:37 [INFO] [task_scheduler.cc:195] Sending 0 sample(s) to runner
2023-03-09 21:12:37 [INFO] [task_scheduler.cc:237] [Updated] Task #0: "main"
2023-03-09 21:12:37 [INFO] [task_scheduler.cc:320] 
 ID | Name |    FLOP | Weight | Speed (GFLOPS) | Latency (us) | Weighted Latency (us) | Trials | Done 
------------------------------------------------------------------------------------------------------
  0 | main | 1048576 |      1 |        81.2630 |      12.9035 |               12.9035 |      1 |      
------------------------------------------------------------------------------------------------------
Total trials: 1
Total latency (us): 12.9035

2023-03-09 21:12:37 [INFO] [task_scheduler.cc:180] TaskScheduler picks Task #0: "main"
2023-03-09 21:12:38 [INFO] [task_scheduler.cc:193] Sending 0 sample(s) to builder
2023-03-09 21:12:38 [INFO] [task_scheduler.cc:195] Sending 0 sample(s) to runner
2023-03-09 21:12:38 [INFO] [task_scheduler.cc:237] [Updated] Task #0: "main"
2023-03-09 21:12:38 [INFO] [task_scheduler.cc:320] 
 ID | Name |    FLOP | Weight | Speed (GFLOPS) | Latency (us) | Weighted Latency (us) | Trials | Done 
------------------------------------------------------------------------------------------------------
  0 | main | 1048576 |      1 |        81.2630 |      12.9035 |               12.9035 |      1 |      
------------------------------------------------------------------------------------------------------
Total trials: 1
Total latency (us): 12.9035

2023-03-09 21:12:38 [INFO] [task_scheduler.cc:180] TaskScheduler picks Task #0: "main"
2023-03-09 21:12:38 [INFO] [task_scheduler.cc:193] Sending 0 sample(s) to builder
2023-03-09 21:12:38 [INFO] [task_scheduler.cc:195] Sending 0 sample(s) to runner
2023-03-09 21:12:38 [INFO] [task_scheduler.cc:237] [Updated] Task #0: "main"
2023-03-09 21:12:38 [INFO] [task_scheduler.cc:320] 
 ID | Name |    FLOP | Weight | Speed (GFLOPS) | Latency (us) | Weighted Latency (us) | Trials | Done 
------------------------------------------------------------------------------------------------------
  0 | main | 1048576 |      1 |        81.2630 |      12.9035 |               12.9035 |      1 |      
------------------------------------------------------------------------------------------------------
Total trials: 1
Total latency (us): 12.9035

2023-03-09 21:12:38 [INFO] [task_scheduler.cc:180] TaskScheduler picks Task #0: "main"
2023-03-09 21:12:39 [INFO] [task_scheduler.cc:193] Sending 0 sample(s) to builder
2023-03-09 21:12:39 [INFO] [task_scheduler.cc:195] Sending 0 sample(s) to runner
2023-03-09 21:12:39 [INFO] [task_scheduler.cc:237] [Updated] Task #0: "main"
2023-03-09 21:12:39 [INFO] [task_scheduler.cc:320] 
 ID | Name |    FLOP | Weight | Speed (GFLOPS) | Latency (us) | Weighted Latency (us) | Trials | Done 
------------------------------------------------------------------------------------------------------
  0 | main | 1048576 |      1 |        81.2630 |      12.9035 |               12.9035 |      1 |      
------------------------------------------------------------------------------------------------------
Total trials: 1
Total latency (us): 12.9035

2023-03-09 21:12:39 [INFO] [task_scheduler.cc:180] TaskScheduler picks Task #0: "main"
2023-03-09 21:12:39 [INFO] [task_scheduler.cc:260] Task #0 has finished. Remaining task(s): 0
2023-03-09 21:12:39 [INFO] [task_scheduler.cc:320] 
 ID | Name |    FLOP | Weight | Speed (GFLOPS) | Latency (us) | Weighted Latency (us) | Trials | Done 
------------------------------------------------------------------------------------------------------
  0 | main | 1048576 |      1 |        81.2630 |      12.9035 |               12.9035 |      1 |    Y 
------------------------------------------------------------------------------------------------------
Total trials: 1
Total latency (us): 12.9035

2023-03-09 21:56:56 [INFO] LocalRunner: max_workers = 1
2023-03-09 21:56:56 [INFO] Logging directory: /home/ryguan/TileSparsity_TVM/AutoSchedule/Outputs/MetaScheduler/bn_512_ts_2_N_1024/logs
2023-03-09 21:56:56 [INFO] LocalBuilder: max_workers = 10
2023-03-09 21:56:56 [INFO] [task_scheduler.cc:159] Initializing Task #0: "main"
2023-03-09 21:56:56 [INFO] [task_scheduler.cc:180] TaskScheduler picks Task #0: "main"
2023-03-09 21:56:57 [INFO] [task_scheduler.cc:193] Sending 1 sample(s) to builder
2023-03-09 21:56:58 [INFO] [task_scheduler.cc:195] Sending 1 sample(s) to runner
2023-03-09 21:56:58 [DEBUG] XGB iter   0: tr-p-rmse: 0.450000	tr-a-peak@32: 1.000000	tr-rmse: 0.450000	tr-rmse: 0.450000
2023-03-09 21:56:58 [DEBUG] XGB iter  25: tr-p-rmse: 0.032305	tr-a-peak@32: 1.000000	tr-rmse: 0.032305	tr-rmse: 0.032305
2023-03-09 21:56:58 [DEBUG] XGB iter  50: tr-p-rmse: 0.002319	tr-a-peak@32: 1.000000	tr-rmse: 0.002319	tr-rmse: 0.002319
2023-03-09 21:56:58 [DEBUG] XGB iter  75: tr-p-rmse: 0.000166	tr-a-peak@32: 1.000000	tr-rmse: 0.000166	tr-rmse: 0.000166
2023-03-09 21:56:58 [DEBUG] XGB iter 100: tr-p-rmse: 0.000012	tr-a-peak@32: 1.000000	tr-rmse: 0.000012	tr-rmse: 0.000012
2023-03-09 21:56:58 [DEBUG] XGB iter 125: tr-p-rmse: 0.000001	tr-a-peak@32: 1.000000	tr-rmse: 0.000001	tr-rmse: 0.000001
2023-03-09 21:56:58 [DEBUG] XGB iter 150: tr-p-rmse: 0.000000	tr-a-peak@32: 1.000000	tr-rmse: 0.000000	tr-rmse: 0.000000
2023-03-09 21:56:58 [DEBUG] XGB iter 175: tr-p-rmse: 0.000000	tr-a-peak@32: 1.000000	tr-rmse: 0.000000	tr-rmse: 0.000000
2023-03-09 21:56:58 [DEBUG] XGB stopped. Best iteration: [131] tr-p-rmse:0.00000	tr-a-peak@32:1.00000	tr-rmse:0.00000	tr-rmse:0.00000 
2023-03-09 21:56:58 [INFO] [task_scheduler.cc:237] [Updated] Task #0: "main"
2023-03-09 21:56:58 [INFO] [task_scheduler.cc:320] 
 ID | Name |    FLOP | Weight | Speed (GFLOPS) | Latency (us) | Weighted Latency (us) | Trials | Done 
------------------------------------------------------------------------------------------------------
  0 | main | 1048576 |      1 |        79.8085 |      13.1386 |               13.1386 |      1 |      
------------------------------------------------------------------------------------------------------
Total trials: 1
Total latency (us): 13.1386

2023-03-09 21:56:58 [INFO] [task_scheduler.cc:180] TaskScheduler picks Task #0: "main"
2023-03-09 21:56:59 [INFO] [task_scheduler.cc:193] Sending 0 sample(s) to builder
2023-03-09 21:56:59 [INFO] [task_scheduler.cc:195] Sending 0 sample(s) to runner
2023-03-09 21:56:59 [INFO] [task_scheduler.cc:237] [Updated] Task #0: "main"
2023-03-09 21:56:59 [INFO] [task_scheduler.cc:320] 
 ID | Name |    FLOP | Weight | Speed (GFLOPS) | Latency (us) | Weighted Latency (us) | Trials | Done 
------------------------------------------------------------------------------------------------------
  0 | main | 1048576 |      1 |        79.8085 |      13.1386 |               13.1386 |      1 |      
------------------------------------------------------------------------------------------------------
Total trials: 1
Total latency (us): 13.1386

2023-03-09 21:56:59 [INFO] [task_scheduler.cc:180] TaskScheduler picks Task #0: "main"
2023-03-09 21:56:59 [INFO] [task_scheduler.cc:193] Sending 0 sample(s) to builder
2023-03-09 21:56:59 [INFO] [task_scheduler.cc:195] Sending 0 sample(s) to runner
2023-03-09 21:56:59 [INFO] [task_scheduler.cc:237] [Updated] Task #0: "main"
2023-03-09 21:56:59 [INFO] [task_scheduler.cc:320] 
 ID | Name |    FLOP | Weight | Speed (GFLOPS) | Latency (us) | Weighted Latency (us) | Trials | Done 
------------------------------------------------------------------------------------------------------
  0 | main | 1048576 |      1 |        79.8085 |      13.1386 |               13.1386 |      1 |      
------------------------------------------------------------------------------------------------------
Total trials: 1
Total latency (us): 13.1386

2023-03-09 21:56:59 [INFO] [task_scheduler.cc:180] TaskScheduler picks Task #0: "main"
2023-03-09 21:56:59 [INFO] [task_scheduler.cc:193] Sending 0 sample(s) to builder
2023-03-09 21:56:59 [INFO] [task_scheduler.cc:195] Sending 0 sample(s) to runner
2023-03-09 21:56:59 [INFO] [task_scheduler.cc:237] [Updated] Task #0: "main"
2023-03-09 21:56:59 [INFO] [task_scheduler.cc:320] 
 ID | Name |    FLOP | Weight | Speed (GFLOPS) | Latency (us) | Weighted Latency (us) | Trials | Done 
------------------------------------------------------------------------------------------------------
  0 | main | 1048576 |      1 |        79.8085 |      13.1386 |               13.1386 |      1 |      
------------------------------------------------------------------------------------------------------
Total trials: 1
Total latency (us): 13.1386

2023-03-09 21:56:59 [INFO] [task_scheduler.cc:180] TaskScheduler picks Task #0: "main"
2023-03-09 21:57:00 [INFO] [task_scheduler.cc:193] Sending 0 sample(s) to builder
2023-03-09 21:57:00 [INFO] [task_scheduler.cc:195] Sending 0 sample(s) to runner
2023-03-09 21:57:00 [INFO] [task_scheduler.cc:237] [Updated] Task #0: "main"
2023-03-09 21:57:00 [INFO] [task_scheduler.cc:320] 
 ID | Name |    FLOP | Weight | Speed (GFLOPS) | Latency (us) | Weighted Latency (us) | Trials | Done 
------------------------------------------------------------------------------------------------------
  0 | main | 1048576 |      1 |        79.8085 |      13.1386 |               13.1386 |      1 |      
------------------------------------------------------------------------------------------------------
Total trials: 1
Total latency (us): 13.1386

2023-03-09 21:57:00 [INFO] [task_scheduler.cc:180] TaskScheduler picks Task #0: "main"
2023-03-09 21:57:00 [INFO] [task_scheduler.cc:260] Task #0 has finished. Remaining task(s): 0
2023-03-09 21:57:00 [INFO] [task_scheduler.cc:320] 
 ID | Name |    FLOP | Weight | Speed (GFLOPS) | Latency (us) | Weighted Latency (us) | Trials | Done 
------------------------------------------------------------------------------------------------------
  0 | main | 1048576 |      1 |        79.8085 |      13.1386 |               13.1386 |      1 |    Y 
------------------------------------------------------------------------------------------------------
Total trials: 1
Total latency (us): 13.1386

2023-03-09 22:49:42 [INFO] LocalRunner: max_workers = 1
2023-03-09 22:49:42 [INFO] Logging directory: /home/ryguan/TileSparsity_TVM/AutoSchedule/Outputs/MetaScheduler/bn_512_ts_2_N_1024/logs
2023-03-09 22:49:42 [INFO] LocalBuilder: max_workers = 10
2023-03-09 22:49:42 [INFO] [task_scheduler.cc:159] Initializing Task #0: "main"
2023-03-09 22:49:42 [INFO] [task_scheduler.cc:180] TaskScheduler picks Task #0: "main"
2023-03-09 22:49:43 [INFO] [task_scheduler.cc:193] Sending 1 sample(s) to builder
2023-03-09 22:49:44 [INFO] [task_scheduler.cc:195] Sending 1 sample(s) to runner
2023-03-09 22:49:44 [DEBUG] XGB iter   0: tr-p-rmse: 0.450000	tr-a-peak@32: 1.000000	tr-rmse: 0.450000	tr-rmse: 0.450000
2023-03-09 22:49:44 [DEBUG] XGB iter  25: tr-p-rmse: 0.032305	tr-a-peak@32: 1.000000	tr-rmse: 0.032305	tr-rmse: 0.032305
2023-03-09 22:49:44 [DEBUG] XGB iter  50: tr-p-rmse: 0.002319	tr-a-peak@32: 1.000000	tr-rmse: 0.002319	tr-rmse: 0.002319
2023-03-09 22:49:44 [DEBUG] XGB iter  75: tr-p-rmse: 0.000166	tr-a-peak@32: 1.000000	tr-rmse: 0.000166	tr-rmse: 0.000166
2023-03-09 22:49:44 [DEBUG] XGB iter 100: tr-p-rmse: 0.000012	tr-a-peak@32: 1.000000	tr-rmse: 0.000012	tr-rmse: 0.000012
2023-03-09 22:49:44 [DEBUG] XGB iter 125: tr-p-rmse: 0.000001	tr-a-peak@32: 1.000000	tr-rmse: 0.000001	tr-rmse: 0.000001
2023-03-09 22:49:44 [DEBUG] XGB iter 150: tr-p-rmse: 0.000000	tr-a-peak@32: 1.000000	tr-rmse: 0.000000	tr-rmse: 0.000000
2023-03-09 22:49:44 [DEBUG] XGB iter 175: tr-p-rmse: 0.000000	tr-a-peak@32: 1.000000	tr-rmse: 0.000000	tr-rmse: 0.000000
2023-03-09 22:49:44 [DEBUG] XGB stopped. Best iteration: [131] tr-p-rmse:0.00000	tr-a-peak@32:1.00000	tr-rmse:0.00000	tr-rmse:0.00000 
2023-03-09 22:49:44 [INFO] [task_scheduler.cc:237] [Updated] Task #0: "main"
2023-03-09 22:49:44 [INFO] [task_scheduler.cc:320] 
 ID | Name |    FLOP | Weight | Speed (GFLOPS) | Latency (us) | Weighted Latency (us) | Trials | Done 
------------------------------------------------------------------------------------------------------
  0 | main | 1048576 |      1 |        81.1701 |      12.9183 |               12.9183 |      1 |      
------------------------------------------------------------------------------------------------------
Total trials: 1
Total latency (us): 12.9183

2023-03-09 22:49:44 [INFO] [task_scheduler.cc:180] TaskScheduler picks Task #0: "main"
2023-03-09 22:49:45 [INFO] [task_scheduler.cc:193] Sending 0 sample(s) to builder
2023-03-09 22:49:45 [INFO] [task_scheduler.cc:195] Sending 0 sample(s) to runner
2023-03-09 22:49:45 [INFO] [task_scheduler.cc:237] [Updated] Task #0: "main"
2023-03-09 22:49:45 [INFO] [task_scheduler.cc:320] 
 ID | Name |    FLOP | Weight | Speed (GFLOPS) | Latency (us) | Weighted Latency (us) | Trials | Done 
------------------------------------------------------------------------------------------------------
  0 | main | 1048576 |      1 |        81.1701 |      12.9183 |               12.9183 |      1 |      
------------------------------------------------------------------------------------------------------
Total trials: 1
Total latency (us): 12.9183

2023-03-09 22:49:45 [INFO] [task_scheduler.cc:180] TaskScheduler picks Task #0: "main"
2023-03-09 22:49:45 [INFO] [task_scheduler.cc:193] Sending 0 sample(s) to builder
2023-03-09 22:49:45 [INFO] [task_scheduler.cc:195] Sending 0 sample(s) to runner
2023-03-09 22:49:45 [INFO] [task_scheduler.cc:237] [Updated] Task #0: "main"
2023-03-09 22:49:45 [INFO] [task_scheduler.cc:320] 
 ID | Name |    FLOP | Weight | Speed (GFLOPS) | Latency (us) | Weighted Latency (us) | Trials | Done 
------------------------------------------------------------------------------------------------------
  0 | main | 1048576 |      1 |        81.1701 |      12.9183 |               12.9183 |      1 |      
------------------------------------------------------------------------------------------------------
Total trials: 1
Total latency (us): 12.9183

2023-03-09 22:49:45 [INFO] [task_scheduler.cc:180] TaskScheduler picks Task #0: "main"
2023-03-09 22:49:46 [INFO] [task_scheduler.cc:193] Sending 0 sample(s) to builder
2023-03-09 22:49:46 [INFO] [task_scheduler.cc:195] Sending 0 sample(s) to runner
2023-03-09 22:49:46 [INFO] [task_scheduler.cc:237] [Updated] Task #0: "main"
2023-03-09 22:49:46 [INFO] [task_scheduler.cc:320] 
 ID | Name |    FLOP | Weight | Speed (GFLOPS) | Latency (us) | Weighted Latency (us) | Trials | Done 
------------------------------------------------------------------------------------------------------
  0 | main | 1048576 |      1 |        81.1701 |      12.9183 |               12.9183 |      1 |      
------------------------------------------------------------------------------------------------------
Total trials: 1
Total latency (us): 12.9183

2023-03-09 22:49:46 [INFO] [task_scheduler.cc:180] TaskScheduler picks Task #0: "main"
2023-03-09 22:49:46 [INFO] [task_scheduler.cc:193] Sending 0 sample(s) to builder
2023-03-09 22:49:46 [INFO] [task_scheduler.cc:195] Sending 0 sample(s) to runner
2023-03-09 22:49:46 [INFO] [task_scheduler.cc:237] [Updated] Task #0: "main"
2023-03-09 22:49:46 [INFO] [task_scheduler.cc:320] 
 ID | Name |    FLOP | Weight | Speed (GFLOPS) | Latency (us) | Weighted Latency (us) | Trials | Done 
------------------------------------------------------------------------------------------------------
  0 | main | 1048576 |      1 |        81.1701 |      12.9183 |               12.9183 |      1 |      
------------------------------------------------------------------------------------------------------
Total trials: 1
Total latency (us): 12.9183

2023-03-09 22:49:46 [INFO] [task_scheduler.cc:180] TaskScheduler picks Task #0: "main"
2023-03-09 22:49:46 [INFO] [task_scheduler.cc:260] Task #0 has finished. Remaining task(s): 0
2023-03-09 22:49:46 [INFO] [task_scheduler.cc:320] 
 ID | Name |    FLOP | Weight | Speed (GFLOPS) | Latency (us) | Weighted Latency (us) | Trials | Done 
------------------------------------------------------------------------------------------------------
  0 | main | 1048576 |      1 |        81.1701 |      12.9183 |               12.9183 |      1 |    Y 
------------------------------------------------------------------------------------------------------
Total trials: 1
Total latency (us): 12.9183

2023-03-09 23:34:53 [INFO] LocalRunner: max_workers = 1
2023-03-09 23:34:53 [INFO] Logging directory: /home/ryguan/TileSparsity_TVM/AutoSchedule/Outputs/MetaScheduler/bn_512_ts_2_N_1024/logs
2023-03-09 23:34:53 [INFO] LocalBuilder: max_workers = 10
2023-03-09 23:34:54 [INFO] [task_scheduler.cc:159] Initializing Task #0: "main"
2023-03-09 23:34:54 [INFO] [task_scheduler.cc:180] TaskScheduler picks Task #0: "main"
2023-03-09 23:34:54 [INFO] [task_scheduler.cc:193] Sending 1 sample(s) to builder
2023-03-09 23:34:55 [INFO] [task_scheduler.cc:195] Sending 1 sample(s) to runner
2023-03-09 23:34:55 [DEBUG] XGB iter   0: tr-p-rmse: 0.450000	tr-a-peak@32: 1.000000	tr-rmse: 0.450000	tr-rmse: 0.450000
2023-03-09 23:34:55 [DEBUG] XGB iter  25: tr-p-rmse: 0.032305	tr-a-peak@32: 1.000000	tr-rmse: 0.032305	tr-rmse: 0.032305
2023-03-09 23:34:55 [DEBUG] XGB iter  50: tr-p-rmse: 0.002319	tr-a-peak@32: 1.000000	tr-rmse: 0.002319	tr-rmse: 0.002319
2023-03-09 23:34:55 [DEBUG] XGB iter  75: tr-p-rmse: 0.000166	tr-a-peak@32: 1.000000	tr-rmse: 0.000166	tr-rmse: 0.000166
2023-03-09 23:34:55 [DEBUG] XGB iter 100: tr-p-rmse: 0.000012	tr-a-peak@32: 1.000000	tr-rmse: 0.000012	tr-rmse: 0.000012
2023-03-09 23:34:55 [DEBUG] XGB iter 125: tr-p-rmse: 0.000001	tr-a-peak@32: 1.000000	tr-rmse: 0.000001	tr-rmse: 0.000001
2023-03-09 23:34:55 [DEBUG] XGB iter 150: tr-p-rmse: 0.000000	tr-a-peak@32: 1.000000	tr-rmse: 0.000000	tr-rmse: 0.000000
2023-03-09 23:34:55 [DEBUG] XGB iter 175: tr-p-rmse: 0.000000	tr-a-peak@32: 1.000000	tr-rmse: 0.000000	tr-rmse: 0.000000
2023-03-09 23:34:55 [DEBUG] XGB stopped. Best iteration: [131] tr-p-rmse:0.00000	tr-a-peak@32:1.00000	tr-rmse:0.00000	tr-rmse:0.00000 
2023-03-09 23:34:55 [INFO] [task_scheduler.cc:237] [Updated] Task #0: "main"
2023-03-09 23:34:55 [INFO] [task_scheduler.cc:320] 
 ID | Name |    FLOP | Weight | Speed (GFLOPS) | Latency (us) | Weighted Latency (us) | Trials | Done 
------------------------------------------------------------------------------------------------------
  0 | main | 1048576 |      1 |        81.3994 |      12.8819 |               12.8819 |      1 |      
------------------------------------------------------------------------------------------------------
Total trials: 1
Total latency (us): 12.8819

2023-03-09 23:34:55 [INFO] [task_scheduler.cc:180] TaskScheduler picks Task #0: "main"
2023-03-09 23:34:56 [INFO] [task_scheduler.cc:193] Sending 0 sample(s) to builder
2023-03-09 23:34:56 [INFO] [task_scheduler.cc:195] Sending 0 sample(s) to runner
2023-03-09 23:34:56 [INFO] [task_scheduler.cc:237] [Updated] Task #0: "main"
2023-03-09 23:34:56 [INFO] [task_scheduler.cc:320] 
 ID | Name |    FLOP | Weight | Speed (GFLOPS) | Latency (us) | Weighted Latency (us) | Trials | Done 
------------------------------------------------------------------------------------------------------
  0 | main | 1048576 |      1 |        81.3994 |      12.8819 |               12.8819 |      1 |      
------------------------------------------------------------------------------------------------------
Total trials: 1
Total latency (us): 12.8819

2023-03-09 23:34:56 [INFO] [task_scheduler.cc:180] TaskScheduler picks Task #0: "main"
2023-03-09 23:34:56 [INFO] [task_scheduler.cc:193] Sending 0 sample(s) to builder
2023-03-09 23:34:56 [INFO] [task_scheduler.cc:195] Sending 0 sample(s) to runner
2023-03-09 23:34:56 [INFO] [task_scheduler.cc:237] [Updated] Task #0: "main"
2023-03-09 23:34:56 [INFO] [task_scheduler.cc:320] 
 ID | Name |    FLOP | Weight | Speed (GFLOPS) | Latency (us) | Weighted Latency (us) | Trials | Done 
------------------------------------------------------------------------------------------------------
  0 | main | 1048576 |      1 |        81.3994 |      12.8819 |               12.8819 |      1 |      
------------------------------------------------------------------------------------------------------
Total trials: 1
Total latency (us): 12.8819

2023-03-09 23:34:56 [INFO] [task_scheduler.cc:180] TaskScheduler picks Task #0: "main"
2023-03-09 23:34:57 [INFO] [task_scheduler.cc:193] Sending 0 sample(s) to builder
2023-03-09 23:34:57 [INFO] [task_scheduler.cc:195] Sending 0 sample(s) to runner
2023-03-09 23:34:57 [INFO] [task_scheduler.cc:237] [Updated] Task #0: "main"
2023-03-09 23:34:57 [INFO] [task_scheduler.cc:320] 
 ID | Name |    FLOP | Weight | Speed (GFLOPS) | Latency (us) | Weighted Latency (us) | Trials | Done 
------------------------------------------------------------------------------------------------------
  0 | main | 1048576 |      1 |        81.3994 |      12.8819 |               12.8819 |      1 |      
------------------------------------------------------------------------------------------------------
Total trials: 1
Total latency (us): 12.8819

2023-03-09 23:34:57 [INFO] [task_scheduler.cc:180] TaskScheduler picks Task #0: "main"
2023-03-09 23:34:57 [INFO] [task_scheduler.cc:193] Sending 0 sample(s) to builder
2023-03-09 23:34:57 [INFO] [task_scheduler.cc:195] Sending 0 sample(s) to runner
2023-03-09 23:34:57 [INFO] [task_scheduler.cc:237] [Updated] Task #0: "main"
2023-03-09 23:34:57 [INFO] [task_scheduler.cc:320] 
 ID | Name |    FLOP | Weight | Speed (GFLOPS) | Latency (us) | Weighted Latency (us) | Trials | Done 
------------------------------------------------------------------------------------------------------
  0 | main | 1048576 |      1 |        81.3994 |      12.8819 |               12.8819 |      1 |      
------------------------------------------------------------------------------------------------------
Total trials: 1
Total latency (us): 12.8819

2023-03-09 23:34:57 [INFO] [task_scheduler.cc:180] TaskScheduler picks Task #0: "main"
2023-03-09 23:34:58 [INFO] [task_scheduler.cc:260] Task #0 has finished. Remaining task(s): 0
2023-03-09 23:34:58 [INFO] [task_scheduler.cc:320] 
 ID | Name |    FLOP | Weight | Speed (GFLOPS) | Latency (us) | Weighted Latency (us) | Trials | Done 
------------------------------------------------------------------------------------------------------
  0 | main | 1048576 |      1 |        81.3994 |      12.8819 |               12.8819 |      1 |    Y 
------------------------------------------------------------------------------------------------------
Total trials: 1
Total latency (us): 12.8819

2023-03-10 00:34:52 [INFO] LocalRunner: max_workers = 1
2023-03-10 00:34:53 [INFO] Logging directory: /home/ryguan/TileSparsity_TVM/AutoSchedule/Outputs/MetaScheduler/bn_512_ts_2_N_1024/logs
2023-03-10 00:34:53 [INFO] LocalBuilder: max_workers = 10
2023-03-10 00:34:53 [INFO] [task_scheduler.cc:159] Initializing Task #0: "main"
2023-03-10 00:34:53 [INFO] [task_scheduler.cc:180] TaskScheduler picks Task #0: "main"
2023-03-10 00:34:54 [INFO] [task_scheduler.cc:193] Sending 1 sample(s) to builder
2023-03-10 00:34:54 [INFO] [task_scheduler.cc:195] Sending 1 sample(s) to runner
2023-03-10 00:34:55 [DEBUG] XGB iter   0: tr-p-rmse: 0.450000	tr-a-peak@32: 1.000000	tr-rmse: 0.450000	tr-rmse: 0.450000
2023-03-10 00:34:55 [DEBUG] XGB iter  25: tr-p-rmse: 0.032305	tr-a-peak@32: 1.000000	tr-rmse: 0.032305	tr-rmse: 0.032305
2023-03-10 00:34:55 [DEBUG] XGB iter  50: tr-p-rmse: 0.002319	tr-a-peak@32: 1.000000	tr-rmse: 0.002319	tr-rmse: 0.002319
2023-03-10 00:34:55 [DEBUG] XGB iter  75: tr-p-rmse: 0.000166	tr-a-peak@32: 1.000000	tr-rmse: 0.000166	tr-rmse: 0.000166
2023-03-10 00:34:55 [DEBUG] XGB iter 100: tr-p-rmse: 0.000012	tr-a-peak@32: 1.000000	tr-rmse: 0.000012	tr-rmse: 0.000012
2023-03-10 00:34:55 [DEBUG] XGB iter 125: tr-p-rmse: 0.000001	tr-a-peak@32: 1.000000	tr-rmse: 0.000001	tr-rmse: 0.000001
2023-03-10 00:34:55 [DEBUG] XGB iter 150: tr-p-rmse: 0.000000	tr-a-peak@32: 1.000000	tr-rmse: 0.000000	tr-rmse: 0.000000
2023-03-10 00:34:55 [DEBUG] XGB iter 175: tr-p-rmse: 0.000000	tr-a-peak@32: 1.000000	tr-rmse: 0.000000	tr-rmse: 0.000000
2023-03-10 00:34:55 [DEBUG] XGB stopped. Best iteration: [131] tr-p-rmse:0.00000	tr-a-peak@32:1.00000	tr-rmse:0.00000	tr-rmse:0.00000 
2023-03-10 00:34:55 [INFO] [task_scheduler.cc:237] [Updated] Task #0: "main"
2023-03-10 00:34:55 [INFO] [task_scheduler.cc:320] 
 ID | Name |    FLOP | Weight | Speed (GFLOPS) | Latency (us) | Weighted Latency (us) | Trials | Done 
------------------------------------------------------------------------------------------------------
  0 | main | 1048576 |      1 |        79.4273 |      13.2017 |               13.2017 |      1 |      
------------------------------------------------------------------------------------------------------
Total trials: 1
Total latency (us): 13.2017

2023-03-10 00:34:55 [INFO] [task_scheduler.cc:180] TaskScheduler picks Task #0: "main"
2023-03-10 00:34:55 [INFO] [task_scheduler.cc:193] Sending 0 sample(s) to builder
2023-03-10 00:34:55 [INFO] [task_scheduler.cc:195] Sending 0 sample(s) to runner
2023-03-10 00:34:55 [INFO] [task_scheduler.cc:237] [Updated] Task #0: "main"
2023-03-10 00:34:55 [INFO] [task_scheduler.cc:320] 
 ID | Name |    FLOP | Weight | Speed (GFLOPS) | Latency (us) | Weighted Latency (us) | Trials | Done 
------------------------------------------------------------------------------------------------------
  0 | main | 1048576 |      1 |        79.4273 |      13.2017 |               13.2017 |      1 |      
------------------------------------------------------------------------------------------------------
Total trials: 1
Total latency (us): 13.2017

2023-03-10 00:34:55 [INFO] [task_scheduler.cc:180] TaskScheduler picks Task #0: "main"
2023-03-10 00:34:56 [INFO] [task_scheduler.cc:193] Sending 0 sample(s) to builder
2023-03-10 00:34:56 [INFO] [task_scheduler.cc:195] Sending 0 sample(s) to runner
2023-03-10 00:34:56 [INFO] [task_scheduler.cc:237] [Updated] Task #0: "main"
2023-03-10 00:34:56 [INFO] [task_scheduler.cc:320] 
 ID | Name |    FLOP | Weight | Speed (GFLOPS) | Latency (us) | Weighted Latency (us) | Trials | Done 
------------------------------------------------------------------------------------------------------
  0 | main | 1048576 |      1 |        79.4273 |      13.2017 |               13.2017 |      1 |      
------------------------------------------------------------------------------------------------------
Total trials: 1
Total latency (us): 13.2017

2023-03-10 00:34:56 [INFO] [task_scheduler.cc:180] TaskScheduler picks Task #0: "main"
2023-03-10 00:34:56 [INFO] [task_scheduler.cc:193] Sending 0 sample(s) to builder
2023-03-10 00:34:56 [INFO] [task_scheduler.cc:195] Sending 0 sample(s) to runner
2023-03-10 00:34:56 [INFO] [task_scheduler.cc:237] [Updated] Task #0: "main"
2023-03-10 00:34:56 [INFO] [task_scheduler.cc:320] 
 ID | Name |    FLOP | Weight | Speed (GFLOPS) | Latency (us) | Weighted Latency (us) | Trials | Done 
------------------------------------------------------------------------------------------------------
  0 | main | 1048576 |      1 |        79.4273 |      13.2017 |               13.2017 |      1 |      
------------------------------------------------------------------------------------------------------
Total trials: 1
Total latency (us): 13.2017

2023-03-10 00:34:56 [INFO] [task_scheduler.cc:180] TaskScheduler picks Task #0: "main"
2023-03-10 00:34:57 [INFO] [task_scheduler.cc:193] Sending 0 sample(s) to builder
2023-03-10 00:34:57 [INFO] [task_scheduler.cc:195] Sending 0 sample(s) to runner
2023-03-10 00:34:57 [INFO] [task_scheduler.cc:237] [Updated] Task #0: "main"
2023-03-10 00:34:57 [INFO] [task_scheduler.cc:320] 
 ID | Name |    FLOP | Weight | Speed (GFLOPS) | Latency (us) | Weighted Latency (us) | Trials | Done 
------------------------------------------------------------------------------------------------------
  0 | main | 1048576 |      1 |        79.4273 |      13.2017 |               13.2017 |      1 |      
------------------------------------------------------------------------------------------------------
Total trials: 1
Total latency (us): 13.2017

2023-03-10 00:34:57 [INFO] [task_scheduler.cc:180] TaskScheduler picks Task #0: "main"
2023-03-10 00:34:57 [INFO] [task_scheduler.cc:260] Task #0 has finished. Remaining task(s): 0
2023-03-10 00:34:57 [INFO] [task_scheduler.cc:320] 
 ID | Name |    FLOP | Weight | Speed (GFLOPS) | Latency (us) | Weighted Latency (us) | Trials | Done 
------------------------------------------------------------------------------------------------------
  0 | main | 1048576 |      1 |        79.4273 |      13.2017 |               13.2017 |      1 |    Y 
------------------------------------------------------------------------------------------------------
Total trials: 1
Total latency (us): 13.2017

2023-03-10 01:31:47 [INFO] LocalRunner: max_workers = 1
2023-03-10 01:31:47 [INFO] Logging directory: /home/ryguan/TileSparsity_TVM/AutoSchedule/Outputs/MetaScheduler/bn_512_ts_2_N_1024/logs
2023-03-10 01:31:47 [INFO] LocalBuilder: max_workers = 10
2023-03-10 01:31:47 [INFO] [task_scheduler.cc:159] Initializing Task #0: "main"
2023-03-10 01:31:48 [INFO] [task_scheduler.cc:180] TaskScheduler picks Task #0: "main"
2023-03-10 01:31:48 [INFO] [task_scheduler.cc:193] Sending 1 sample(s) to builder
2023-03-10 01:31:49 [INFO] [task_scheduler.cc:195] Sending 1 sample(s) to runner
2023-03-10 01:31:49 [DEBUG] XGB iter   0: tr-p-rmse: 0.450000	tr-a-peak@32: 1.000000	tr-rmse: 0.450000	tr-rmse: 0.450000
2023-03-10 01:31:49 [DEBUG] XGB iter  25: tr-p-rmse: 0.032305	tr-a-peak@32: 1.000000	tr-rmse: 0.032305	tr-rmse: 0.032305
2023-03-10 01:31:49 [DEBUG] XGB iter  50: tr-p-rmse: 0.002319	tr-a-peak@32: 1.000000	tr-rmse: 0.002319	tr-rmse: 0.002319
2023-03-10 01:31:49 [DEBUG] XGB iter  75: tr-p-rmse: 0.000166	tr-a-peak@32: 1.000000	tr-rmse: 0.000166	tr-rmse: 0.000166
2023-03-10 01:31:49 [DEBUG] XGB iter 100: tr-p-rmse: 0.000012	tr-a-peak@32: 1.000000	tr-rmse: 0.000012	tr-rmse: 0.000012
2023-03-10 01:31:49 [DEBUG] XGB iter 125: tr-p-rmse: 0.000001	tr-a-peak@32: 1.000000	tr-rmse: 0.000001	tr-rmse: 0.000001
2023-03-10 01:31:49 [DEBUG] XGB iter 150: tr-p-rmse: 0.000000	tr-a-peak@32: 1.000000	tr-rmse: 0.000000	tr-rmse: 0.000000
2023-03-10 01:31:49 [DEBUG] XGB iter 175: tr-p-rmse: 0.000000	tr-a-peak@32: 1.000000	tr-rmse: 0.000000	tr-rmse: 0.000000
2023-03-10 01:31:49 [DEBUG] XGB stopped. Best iteration: [131] tr-p-rmse:0.00000	tr-a-peak@32:1.00000	tr-rmse:0.00000	tr-rmse:0.00000 
2023-03-10 01:31:49 [INFO] [task_scheduler.cc:237] [Updated] Task #0: "main"
2023-03-10 01:31:49 [INFO] [task_scheduler.cc:320] 
 ID | Name |    FLOP | Weight | Speed (GFLOPS) | Latency (us) | Weighted Latency (us) | Trials | Done 
------------------------------------------------------------------------------------------------------
  0 | main | 1048576 |      1 |        79.5192 |      13.1864 |               13.1864 |      1 |      
------------------------------------------------------------------------------------------------------
Total trials: 1
Total latency (us): 13.1864

2023-03-10 01:31:49 [INFO] [task_scheduler.cc:180] TaskScheduler picks Task #0: "main"
2023-03-10 01:31:50 [INFO] [task_scheduler.cc:193] Sending 0 sample(s) to builder
2023-03-10 01:31:50 [INFO] [task_scheduler.cc:195] Sending 0 sample(s) to runner
2023-03-10 01:31:50 [INFO] [task_scheduler.cc:237] [Updated] Task #0: "main"
2023-03-10 01:31:50 [INFO] [task_scheduler.cc:320] 
 ID | Name |    FLOP | Weight | Speed (GFLOPS) | Latency (us) | Weighted Latency (us) | Trials | Done 
------------------------------------------------------------------------------------------------------
  0 | main | 1048576 |      1 |        79.5192 |      13.1864 |               13.1864 |      1 |      
------------------------------------------------------------------------------------------------------
Total trials: 1
Total latency (us): 13.1864

2023-03-10 01:31:50 [INFO] [task_scheduler.cc:180] TaskScheduler picks Task #0: "main"
2023-03-10 01:31:50 [INFO] [task_scheduler.cc:193] Sending 0 sample(s) to builder
2023-03-10 01:31:50 [INFO] [task_scheduler.cc:195] Sending 0 sample(s) to runner
2023-03-10 01:31:50 [INFO] [task_scheduler.cc:237] [Updated] Task #0: "main"
2023-03-10 01:31:50 [INFO] [task_scheduler.cc:320] 
 ID | Name |    FLOP | Weight | Speed (GFLOPS) | Latency (us) | Weighted Latency (us) | Trials | Done 
------------------------------------------------------------------------------------------------------
  0 | main | 1048576 |      1 |        79.5192 |      13.1864 |               13.1864 |      1 |      
------------------------------------------------------------------------------------------------------
Total trials: 1
Total latency (us): 13.1864

2023-03-10 01:31:50 [INFO] [task_scheduler.cc:180] TaskScheduler picks Task #0: "main"
2023-03-10 01:31:51 [INFO] [task_scheduler.cc:193] Sending 0 sample(s) to builder
2023-03-10 01:31:51 [INFO] [task_scheduler.cc:195] Sending 0 sample(s) to runner
2023-03-10 01:31:51 [INFO] [task_scheduler.cc:237] [Updated] Task #0: "main"
2023-03-10 01:31:51 [INFO] [task_scheduler.cc:320] 
 ID | Name |    FLOP | Weight | Speed (GFLOPS) | Latency (us) | Weighted Latency (us) | Trials | Done 
------------------------------------------------------------------------------------------------------
  0 | main | 1048576 |      1 |        79.5192 |      13.1864 |               13.1864 |      1 |      
------------------------------------------------------------------------------------------------------
Total trials: 1
Total latency (us): 13.1864

2023-03-10 01:31:51 [INFO] [task_scheduler.cc:180] TaskScheduler picks Task #0: "main"
2023-03-10 01:31:51 [INFO] [task_scheduler.cc:193] Sending 0 sample(s) to builder
2023-03-10 01:31:51 [INFO] [task_scheduler.cc:195] Sending 0 sample(s) to runner
2023-03-10 01:31:51 [INFO] [task_scheduler.cc:237] [Updated] Task #0: "main"
2023-03-10 01:31:51 [INFO] [task_scheduler.cc:320] 
 ID | Name |    FLOP | Weight | Speed (GFLOPS) | Latency (us) | Weighted Latency (us) | Trials | Done 
------------------------------------------------------------------------------------------------------
  0 | main | 1048576 |      1 |        79.5192 |      13.1864 |               13.1864 |      1 |      
------------------------------------------------------------------------------------------------------
Total trials: 1
Total latency (us): 13.1864

2023-03-10 01:31:51 [INFO] [task_scheduler.cc:180] TaskScheduler picks Task #0: "main"
2023-03-10 01:31:51 [INFO] [task_scheduler.cc:260] Task #0 has finished. Remaining task(s): 0
2023-03-10 01:31:51 [INFO] [task_scheduler.cc:320] 
 ID | Name |    FLOP | Weight | Speed (GFLOPS) | Latency (us) | Weighted Latency (us) | Trials | Done 
------------------------------------------------------------------------------------------------------
  0 | main | 1048576 |      1 |        79.5192 |      13.1864 |               13.1864 |      1 |    Y 
------------------------------------------------------------------------------------------------------
Total trials: 1
Total latency (us): 13.1864

2023-03-10 02:28:42 [INFO] LocalRunner: max_workers = 1
2023-03-10 02:28:42 [INFO] Logging directory: /home/ryguan/TileSparsity_TVM/AutoSchedule/Outputs/MetaScheduler/bn_512_ts_2_N_1024/logs
2023-03-10 02:28:42 [INFO] LocalBuilder: max_workers = 10
2023-03-10 02:28:43 [INFO] [task_scheduler.cc:159] Initializing Task #0: "main"
2023-03-10 02:28:43 [INFO] [task_scheduler.cc:180] TaskScheduler picks Task #0: "main"
2023-03-10 02:28:43 [INFO] [task_scheduler.cc:193] Sending 1 sample(s) to builder
2023-03-10 02:28:44 [INFO] [task_scheduler.cc:195] Sending 1 sample(s) to runner
2023-03-10 02:28:44 [DEBUG] XGB iter   0: tr-p-rmse: 0.450000	tr-a-peak@32: 1.000000	tr-rmse: 0.450000	tr-rmse: 0.450000
2023-03-10 02:28:44 [DEBUG] XGB iter  25: tr-p-rmse: 0.032305	tr-a-peak@32: 1.000000	tr-rmse: 0.032305	tr-rmse: 0.032305
2023-03-10 02:28:44 [DEBUG] XGB iter  50: tr-p-rmse: 0.002319	tr-a-peak@32: 1.000000	tr-rmse: 0.002319	tr-rmse: 0.002319
2023-03-10 02:28:45 [DEBUG] XGB iter  75: tr-p-rmse: 0.000166	tr-a-peak@32: 1.000000	tr-rmse: 0.000166	tr-rmse: 0.000166
2023-03-10 02:28:45 [DEBUG] XGB iter 100: tr-p-rmse: 0.000012	tr-a-peak@32: 1.000000	tr-rmse: 0.000012	tr-rmse: 0.000012
2023-03-10 02:28:45 [DEBUG] XGB iter 125: tr-p-rmse: 0.000001	tr-a-peak@32: 1.000000	tr-rmse: 0.000001	tr-rmse: 0.000001
2023-03-10 02:28:45 [DEBUG] XGB iter 150: tr-p-rmse: 0.000000	tr-a-peak@32: 1.000000	tr-rmse: 0.000000	tr-rmse: 0.000000
2023-03-10 02:28:45 [DEBUG] XGB iter 175: tr-p-rmse: 0.000000	tr-a-peak@32: 1.000000	tr-rmse: 0.000000	tr-rmse: 0.000000
2023-03-10 02:28:45 [DEBUG] XGB stopped. Best iteration: [131] tr-p-rmse:0.00000	tr-a-peak@32:1.00000	tr-rmse:0.00000	tr-rmse:0.00000 
2023-03-10 02:28:45 [INFO] [task_scheduler.cc:237] [Updated] Task #0: "main"
2023-03-10 02:28:45 [INFO] [task_scheduler.cc:320] 
 ID | Name |    FLOP | Weight | Speed (GFLOPS) | Latency (us) | Weighted Latency (us) | Trials | Done 
------------------------------------------------------------------------------------------------------
  0 | main | 1048576 |      1 |        79.6901 |      13.1582 |               13.1582 |      1 |      
------------------------------------------------------------------------------------------------------
Total trials: 1
Total latency (us): 13.1582

2023-03-10 02:28:45 [INFO] [task_scheduler.cc:180] TaskScheduler picks Task #0: "main"
2023-03-10 02:28:45 [INFO] [task_scheduler.cc:193] Sending 0 sample(s) to builder
2023-03-10 02:28:45 [INFO] [task_scheduler.cc:195] Sending 0 sample(s) to runner
2023-03-10 02:28:45 [INFO] [task_scheduler.cc:237] [Updated] Task #0: "main"
2023-03-10 02:28:45 [INFO] [task_scheduler.cc:320] 
 ID | Name |    FLOP | Weight | Speed (GFLOPS) | Latency (us) | Weighted Latency (us) | Trials | Done 
------------------------------------------------------------------------------------------------------
  0 | main | 1048576 |      1 |        79.6901 |      13.1582 |               13.1582 |      1 |      
------------------------------------------------------------------------------------------------------
Total trials: 1
Total latency (us): 13.1582

2023-03-10 02:28:45 [INFO] [task_scheduler.cc:180] TaskScheduler picks Task #0: "main"
2023-03-10 02:28:45 [INFO] [task_scheduler.cc:193] Sending 0 sample(s) to builder
2023-03-10 02:28:45 [INFO] [task_scheduler.cc:195] Sending 0 sample(s) to runner
2023-03-10 02:28:45 [INFO] [task_scheduler.cc:237] [Updated] Task #0: "main"
2023-03-10 02:28:45 [INFO] [task_scheduler.cc:320] 
 ID | Name |    FLOP | Weight | Speed (GFLOPS) | Latency (us) | Weighted Latency (us) | Trials | Done 
------------------------------------------------------------------------------------------------------
  0 | main | 1048576 |      1 |        79.6901 |      13.1582 |               13.1582 |      1 |      
------------------------------------------------------------------------------------------------------
Total trials: 1
Total latency (us): 13.1582

2023-03-10 02:28:45 [INFO] [task_scheduler.cc:180] TaskScheduler picks Task #0: "main"
2023-03-10 02:28:46 [INFO] [task_scheduler.cc:193] Sending 0 sample(s) to builder
2023-03-10 02:28:46 [INFO] [task_scheduler.cc:195] Sending 0 sample(s) to runner
2023-03-10 02:28:46 [INFO] [task_scheduler.cc:237] [Updated] Task #0: "main"
2023-03-10 02:28:46 [INFO] [task_scheduler.cc:320] 
 ID | Name |    FLOP | Weight | Speed (GFLOPS) | Latency (us) | Weighted Latency (us) | Trials | Done 
------------------------------------------------------------------------------------------------------
  0 | main | 1048576 |      1 |        79.6901 |      13.1582 |               13.1582 |      1 |      
------------------------------------------------------------------------------------------------------
Total trials: 1
Total latency (us): 13.1582

2023-03-10 02:28:46 [INFO] [task_scheduler.cc:180] TaskScheduler picks Task #0: "main"
2023-03-10 02:28:46 [INFO] [task_scheduler.cc:193] Sending 0 sample(s) to builder
2023-03-10 02:28:46 [INFO] [task_scheduler.cc:195] Sending 0 sample(s) to runner
2023-03-10 02:28:46 [INFO] [task_scheduler.cc:237] [Updated] Task #0: "main"
2023-03-10 02:28:46 [INFO] [task_scheduler.cc:320] 
 ID | Name |    FLOP | Weight | Speed (GFLOPS) | Latency (us) | Weighted Latency (us) | Trials | Done 
------------------------------------------------------------------------------------------------------
  0 | main | 1048576 |      1 |        79.6901 |      13.1582 |               13.1582 |      1 |      
------------------------------------------------------------------------------------------------------
Total trials: 1
Total latency (us): 13.1582

2023-03-10 02:28:46 [INFO] [task_scheduler.cc:180] TaskScheduler picks Task #0: "main"
2023-03-10 02:28:47 [INFO] [task_scheduler.cc:260] Task #0 has finished. Remaining task(s): 0
2023-03-10 02:28:47 [INFO] [task_scheduler.cc:320] 
 ID | Name |    FLOP | Weight | Speed (GFLOPS) | Latency (us) | Weighted Latency (us) | Trials | Done 
------------------------------------------------------------------------------------------------------
  0 | main | 1048576 |      1 |        79.6901 |      13.1582 |               13.1582 |      1 |    Y 
------------------------------------------------------------------------------------------------------
Total trials: 1
Total latency (us): 13.1582

2023-03-10 03:14:30 [INFO] LocalRunner: max_workers = 1
2023-03-10 03:14:30 [INFO] Logging directory: /home/ryguan/TileSparsity_TVM/AutoSchedule/Outputs/MetaScheduler/bn_512_ts_2_N_1024/logs
2023-03-10 03:14:30 [INFO] LocalBuilder: max_workers = 10
2023-03-10 03:14:31 [INFO] [task_scheduler.cc:159] Initializing Task #0: "main"
2023-03-10 03:14:31 [INFO] [task_scheduler.cc:180] TaskScheduler picks Task #0: "main"
2023-03-10 03:14:31 [INFO] [task_scheduler.cc:193] Sending 1 sample(s) to builder
2023-03-10 03:14:32 [INFO] [task_scheduler.cc:195] Sending 1 sample(s) to runner
2023-03-10 03:14:32 [DEBUG] XGB iter   0: tr-p-rmse: 0.450000	tr-a-peak@32: 1.000000	tr-rmse: 0.450000	tr-rmse: 0.450000
2023-03-10 03:14:32 [DEBUG] XGB iter  25: tr-p-rmse: 0.032305	tr-a-peak@32: 1.000000	tr-rmse: 0.032305	tr-rmse: 0.032305
2023-03-10 03:14:32 [DEBUG] XGB iter  50: tr-p-rmse: 0.002319	tr-a-peak@32: 1.000000	tr-rmse: 0.002319	tr-rmse: 0.002319
2023-03-10 03:14:32 [DEBUG] XGB iter  75: tr-p-rmse: 0.000166	tr-a-peak@32: 1.000000	tr-rmse: 0.000166	tr-rmse: 0.000166
2023-03-10 03:14:32 [DEBUG] XGB iter 100: tr-p-rmse: 0.000012	tr-a-peak@32: 1.000000	tr-rmse: 0.000012	tr-rmse: 0.000012
2023-03-10 03:14:32 [DEBUG] XGB iter 125: tr-p-rmse: 0.000001	tr-a-peak@32: 1.000000	tr-rmse: 0.000001	tr-rmse: 0.000001
2023-03-10 03:14:32 [DEBUG] XGB iter 150: tr-p-rmse: 0.000000	tr-a-peak@32: 1.000000	tr-rmse: 0.000000	tr-rmse: 0.000000
2023-03-10 03:14:32 [DEBUG] XGB iter 175: tr-p-rmse: 0.000000	tr-a-peak@32: 1.000000	tr-rmse: 0.000000	tr-rmse: 0.000000
2023-03-10 03:14:32 [DEBUG] XGB stopped. Best iteration: [131] tr-p-rmse:0.00000	tr-a-peak@32:1.00000	tr-rmse:0.00000	tr-rmse:0.00000 
2023-03-10 03:14:32 [INFO] [task_scheduler.cc:237] [Updated] Task #0: "main"
2023-03-10 03:14:32 [INFO] [task_scheduler.cc:320] 
 ID | Name |    FLOP | Weight | Speed (GFLOPS) | Latency (us) | Weighted Latency (us) | Trials | Done 
------------------------------------------------------------------------------------------------------
  0 | main | 1048576 |      1 |        81.3898 |      12.8834 |               12.8834 |      1 |      
------------------------------------------------------------------------------------------------------
Total trials: 1
Total latency (us): 12.8834

2023-03-10 03:14:32 [INFO] [task_scheduler.cc:180] TaskScheduler picks Task #0: "main"
2023-03-10 03:14:33 [INFO] [task_scheduler.cc:193] Sending 0 sample(s) to builder
2023-03-10 03:14:33 [INFO] [task_scheduler.cc:195] Sending 0 sample(s) to runner
2023-03-10 03:14:33 [INFO] [task_scheduler.cc:237] [Updated] Task #0: "main"
2023-03-10 03:14:33 [INFO] [task_scheduler.cc:320] 
 ID | Name |    FLOP | Weight | Speed (GFLOPS) | Latency (us) | Weighted Latency (us) | Trials | Done 
------------------------------------------------------------------------------------------------------
  0 | main | 1048576 |      1 |        81.3898 |      12.8834 |               12.8834 |      1 |      
------------------------------------------------------------------------------------------------------
Total trials: 1
Total latency (us): 12.8834

2023-03-10 03:14:33 [INFO] [task_scheduler.cc:180] TaskScheduler picks Task #0: "main"
2023-03-10 03:14:33 [INFO] [task_scheduler.cc:193] Sending 0 sample(s) to builder
2023-03-10 03:14:33 [INFO] [task_scheduler.cc:195] Sending 0 sample(s) to runner
2023-03-10 03:14:33 [INFO] [task_scheduler.cc:237] [Updated] Task #0: "main"
2023-03-10 03:14:33 [INFO] [task_scheduler.cc:320] 
 ID | Name |    FLOP | Weight | Speed (GFLOPS) | Latency (us) | Weighted Latency (us) | Trials | Done 
------------------------------------------------------------------------------------------------------
  0 | main | 1048576 |      1 |        81.3898 |      12.8834 |               12.8834 |      1 |      
------------------------------------------------------------------------------------------------------
Total trials: 1
Total latency (us): 12.8834

2023-03-10 03:14:33 [INFO] [task_scheduler.cc:180] TaskScheduler picks Task #0: "main"
2023-03-10 03:14:34 [INFO] [task_scheduler.cc:193] Sending 0 sample(s) to builder
2023-03-10 03:14:34 [INFO] [task_scheduler.cc:195] Sending 0 sample(s) to runner
2023-03-10 03:14:34 [INFO] [task_scheduler.cc:237] [Updated] Task #0: "main"
2023-03-10 03:14:34 [INFO] [task_scheduler.cc:320] 
 ID | Name |    FLOP | Weight | Speed (GFLOPS) | Latency (us) | Weighted Latency (us) | Trials | Done 
------------------------------------------------------------------------------------------------------
  0 | main | 1048576 |      1 |        81.3898 |      12.8834 |               12.8834 |      1 |      
------------------------------------------------------------------------------------------------------
Total trials: 1
Total latency (us): 12.8834

2023-03-10 03:14:34 [INFO] [task_scheduler.cc:180] TaskScheduler picks Task #0: "main"
2023-03-10 03:14:34 [INFO] [task_scheduler.cc:193] Sending 0 sample(s) to builder
2023-03-10 03:14:34 [INFO] [task_scheduler.cc:195] Sending 0 sample(s) to runner
2023-03-10 03:14:34 [INFO] [task_scheduler.cc:237] [Updated] Task #0: "main"
2023-03-10 03:14:34 [INFO] [task_scheduler.cc:320] 
 ID | Name |    FLOP | Weight | Speed (GFLOPS) | Latency (us) | Weighted Latency (us) | Trials | Done 
------------------------------------------------------------------------------------------------------
  0 | main | 1048576 |      1 |        81.3898 |      12.8834 |               12.8834 |      1 |      
------------------------------------------------------------------------------------------------------
Total trials: 1
Total latency (us): 12.8834

2023-03-10 03:14:34 [INFO] [task_scheduler.cc:180] TaskScheduler picks Task #0: "main"
2023-03-10 03:14:35 [INFO] [task_scheduler.cc:260] Task #0 has finished. Remaining task(s): 0
2023-03-10 03:14:35 [INFO] [task_scheduler.cc:320] 
 ID | Name |    FLOP | Weight | Speed (GFLOPS) | Latency (us) | Weighted Latency (us) | Trials | Done 
------------------------------------------------------------------------------------------------------
  0 | main | 1048576 |      1 |        81.3898 |      12.8834 |               12.8834 |      1 |    Y 
------------------------------------------------------------------------------------------------------
Total trials: 1
Total latency (us): 12.8834

2023-03-10 04:13:36 [INFO] LocalRunner: max_workers = 1
2023-03-10 04:13:36 [INFO] Logging directory: /home/ryguan/TileSparsity_TVM/AutoSchedule/Outputs/MetaScheduler/bn_512_ts_2_N_1024/logs
2023-03-10 04:13:36 [INFO] LocalBuilder: max_workers = 10
2023-03-10 04:13:36 [INFO] [task_scheduler.cc:159] Initializing Task #0: "main"
2023-03-10 04:13:36 [INFO] [task_scheduler.cc:180] TaskScheduler picks Task #0: "main"
2023-03-10 04:13:37 [INFO] [task_scheduler.cc:193] Sending 1 sample(s) to builder
2023-03-10 04:13:37 [INFO] [task_scheduler.cc:195] Sending 1 sample(s) to runner
2023-03-10 04:13:38 [DEBUG] XGB iter   0: tr-p-rmse: 0.450000	tr-a-peak@32: 1.000000	tr-rmse: 0.450000	tr-rmse: 0.450000
2023-03-10 04:13:38 [DEBUG] XGB iter  25: tr-p-rmse: 0.032305	tr-a-peak@32: 1.000000	tr-rmse: 0.032305	tr-rmse: 0.032305
2023-03-10 04:13:38 [DEBUG] XGB iter  50: tr-p-rmse: 0.002319	tr-a-peak@32: 1.000000	tr-rmse: 0.002319	tr-rmse: 0.002319
2023-03-10 04:13:38 [DEBUG] XGB iter  75: tr-p-rmse: 0.000166	tr-a-peak@32: 1.000000	tr-rmse: 0.000166	tr-rmse: 0.000166
2023-03-10 04:13:38 [DEBUG] XGB iter 100: tr-p-rmse: 0.000012	tr-a-peak@32: 1.000000	tr-rmse: 0.000012	tr-rmse: 0.000012
2023-03-10 04:13:38 [DEBUG] XGB iter 125: tr-p-rmse: 0.000001	tr-a-peak@32: 1.000000	tr-rmse: 0.000001	tr-rmse: 0.000001
2023-03-10 04:13:38 [DEBUG] XGB iter 150: tr-p-rmse: 0.000000	tr-a-peak@32: 1.000000	tr-rmse: 0.000000	tr-rmse: 0.000000
2023-03-10 04:13:38 [DEBUG] XGB iter 175: tr-p-rmse: 0.000000	tr-a-peak@32: 1.000000	tr-rmse: 0.000000	tr-rmse: 0.000000
2023-03-10 04:13:38 [DEBUG] XGB stopped. Best iteration: [131] tr-p-rmse:0.00000	tr-a-peak@32:1.00000	tr-rmse:0.00000	tr-rmse:0.00000 
2023-03-10 04:13:38 [INFO] [task_scheduler.cc:237] [Updated] Task #0: "main"
2023-03-10 04:13:38 [INFO] [task_scheduler.cc:320] 
 ID | Name |    FLOP | Weight | Speed (GFLOPS) | Latency (us) | Weighted Latency (us) | Trials | Done 
------------------------------------------------------------------------------------------------------
  0 | main | 1048576 |      1 |        80.1110 |      13.0890 |               13.0890 |      1 |      
------------------------------------------------------------------------------------------------------
Total trials: 1
Total latency (us): 13.089

2023-03-10 04:13:38 [INFO] [task_scheduler.cc:180] TaskScheduler picks Task #0: "main"
2023-03-10 04:13:38 [INFO] [task_scheduler.cc:193] Sending 0 sample(s) to builder
2023-03-10 04:13:38 [INFO] [task_scheduler.cc:195] Sending 0 sample(s) to runner
2023-03-10 04:13:38 [INFO] [task_scheduler.cc:237] [Updated] Task #0: "main"
2023-03-10 04:13:38 [INFO] [task_scheduler.cc:320] 
 ID | Name |    FLOP | Weight | Speed (GFLOPS) | Latency (us) | Weighted Latency (us) | Trials | Done 
------------------------------------------------------------------------------------------------------
  0 | main | 1048576 |      1 |        80.1110 |      13.0890 |               13.0890 |      1 |      
------------------------------------------------------------------------------------------------------
Total trials: 1
Total latency (us): 13.089

2023-03-10 04:13:38 [INFO] [task_scheduler.cc:180] TaskScheduler picks Task #0: "main"
2023-03-10 04:13:39 [INFO] [task_scheduler.cc:193] Sending 0 sample(s) to builder
2023-03-10 04:13:39 [INFO] [task_scheduler.cc:195] Sending 0 sample(s) to runner
2023-03-10 04:13:39 [INFO] [task_scheduler.cc:237] [Updated] Task #0: "main"
2023-03-10 04:13:39 [INFO] [task_scheduler.cc:320] 
 ID | Name |    FLOP | Weight | Speed (GFLOPS) | Latency (us) | Weighted Latency (us) | Trials | Done 
------------------------------------------------------------------------------------------------------
  0 | main | 1048576 |      1 |        80.1110 |      13.0890 |               13.0890 |      1 |      
------------------------------------------------------------------------------------------------------
Total trials: 1
Total latency (us): 13.089

2023-03-10 04:13:39 [INFO] [task_scheduler.cc:180] TaskScheduler picks Task #0: "main"
2023-03-10 04:13:39 [INFO] [task_scheduler.cc:193] Sending 0 sample(s) to builder
2023-03-10 04:13:39 [INFO] [task_scheduler.cc:195] Sending 0 sample(s) to runner
2023-03-10 04:13:39 [INFO] [task_scheduler.cc:237] [Updated] Task #0: "main"
2023-03-10 04:13:39 [INFO] [task_scheduler.cc:320] 
 ID | Name |    FLOP | Weight | Speed (GFLOPS) | Latency (us) | Weighted Latency (us) | Trials | Done 
------------------------------------------------------------------------------------------------------
  0 | main | 1048576 |      1 |        80.1110 |      13.0890 |               13.0890 |      1 |      
------------------------------------------------------------------------------------------------------
Total trials: 1
Total latency (us): 13.089

2023-03-10 04:13:39 [INFO] [task_scheduler.cc:180] TaskScheduler picks Task #0: "main"
2023-03-10 04:13:40 [INFO] [task_scheduler.cc:193] Sending 0 sample(s) to builder
2023-03-10 04:13:40 [INFO] [task_scheduler.cc:195] Sending 0 sample(s) to runner
2023-03-10 04:13:40 [INFO] [task_scheduler.cc:237] [Updated] Task #0: "main"
2023-03-10 04:13:40 [INFO] [task_scheduler.cc:320] 
 ID | Name |    FLOP | Weight | Speed (GFLOPS) | Latency (us) | Weighted Latency (us) | Trials | Done 
------------------------------------------------------------------------------------------------------
  0 | main | 1048576 |      1 |        80.1110 |      13.0890 |               13.0890 |      1 |      
------------------------------------------------------------------------------------------------------
Total trials: 1
Total latency (us): 13.089

2023-03-10 04:13:40 [INFO] [task_scheduler.cc:180] TaskScheduler picks Task #0: "main"
2023-03-10 04:13:40 [INFO] [task_scheduler.cc:260] Task #0 has finished. Remaining task(s): 0
2023-03-10 04:13:40 [INFO] [task_scheduler.cc:320] 
 ID | Name |    FLOP | Weight | Speed (GFLOPS) | Latency (us) | Weighted Latency (us) | Trials | Done 
------------------------------------------------------------------------------------------------------
  0 | main | 1048576 |      1 |        80.1110 |      13.0890 |               13.0890 |      1 |    Y 
------------------------------------------------------------------------------------------------------
Total trials: 1
Total latency (us): 13.089

2023-03-10 05:06:30 [INFO] LocalRunner: max_workers = 1
