2023-03-10 05:06:30 [INFO] Logging directory: /home/ryguan/TileSparsity_TVM/AutoSchedule/Outputs/MetaScheduler/bn_256_ts_4_N_1024/logs
2023-03-10 05:06:30 [INFO] LocalBuilder: max_workers = 10
2023-03-10 05:06:31 [INFO] [task_scheduler.cc:159] Initializing Task #0: "main"
2023-03-10 05:06:31 [INFO] [task_scheduler.cc:180] TaskScheduler picks Task #0: "main"
2023-03-10 05:06:31 [INFO] [task_scheduler.cc:193] Sending 1 sample(s) to builder
2023-03-10 05:06:32 [INFO] [task_scheduler.cc:195] Sending 1 sample(s) to runner
2023-03-10 05:06:32 [DEBUG] XGB iter   0: tr-p-rmse: 0.450000	tr-a-peak@32: 1.000000	tr-rmse: 0.450000	tr-rmse: 0.450000
2023-03-10 05:06:32 [DEBUG] XGB iter  25: tr-p-rmse: 0.032305	tr-a-peak@32: 1.000000	tr-rmse: 0.032305	tr-rmse: 0.032305
2023-03-10 05:06:32 [DEBUG] XGB iter  50: tr-p-rmse: 0.002319	tr-a-peak@32: 1.000000	tr-rmse: 0.002319	tr-rmse: 0.002319
2023-03-10 05:06:32 [DEBUG] XGB iter  75: tr-p-rmse: 0.000166	tr-a-peak@32: 1.000000	tr-rmse: 0.000166	tr-rmse: 0.000166
2023-03-10 05:06:32 [DEBUG] XGB iter 100: tr-p-rmse: 0.000012	tr-a-peak@32: 1.000000	tr-rmse: 0.000012	tr-rmse: 0.000012
2023-03-10 05:06:32 [DEBUG] XGB iter 125: tr-p-rmse: 0.000001	tr-a-peak@32: 1.000000	tr-rmse: 0.000001	tr-rmse: 0.000001
2023-03-10 05:06:33 [DEBUG] XGB iter 150: tr-p-rmse: 0.000000	tr-a-peak@32: 1.000000	tr-rmse: 0.000000	tr-rmse: 0.000000
2023-03-10 05:06:33 [DEBUG] XGB iter 175: tr-p-rmse: 0.000000	tr-a-peak@32: 1.000000	tr-rmse: 0.000000	tr-rmse: 0.000000
2023-03-10 05:06:33 [DEBUG] XGB stopped. Best iteration: [131] tr-p-rmse:0.00000	tr-a-peak@32:1.00000	tr-rmse:0.00000	tr-rmse:0.00000 
2023-03-10 05:06:33 [INFO] [task_scheduler.cc:237] [Updated] Task #0: "main"
2023-03-10 05:06:33 [INFO] [task_scheduler.cc:320] 
 ID | Name |    FLOP | Weight | Speed (GFLOPS) | Latency (us) | Weighted Latency (us) | Trials | Done 
------------------------------------------------------------------------------------------------------
  0 | main | 1048576 |      1 |        79.4395 |      13.1997 |               13.1997 |      1 |      
------------------------------------------------------------------------------------------------------
Total trials: 1
Total latency (us): 13.1997

2023-03-10 05:06:33 [INFO] [task_scheduler.cc:180] TaskScheduler picks Task #0: "main"
2023-03-10 05:06:33 [INFO] [task_scheduler.cc:193] Sending 0 sample(s) to builder
2023-03-10 05:06:33 [INFO] [task_scheduler.cc:195] Sending 0 sample(s) to runner
2023-03-10 05:06:33 [INFO] [task_scheduler.cc:237] [Updated] Task #0: "main"
2023-03-10 05:06:33 [INFO] [task_scheduler.cc:320] 
 ID | Name |    FLOP | Weight | Speed (GFLOPS) | Latency (us) | Weighted Latency (us) | Trials | Done 
------------------------------------------------------------------------------------------------------
  0 | main | 1048576 |      1 |        79.4395 |      13.1997 |               13.1997 |      1 |      
------------------------------------------------------------------------------------------------------
Total trials: 1
Total latency (us): 13.1997

2023-03-10 05:06:33 [INFO] [task_scheduler.cc:180] TaskScheduler picks Task #0: "main"
2023-03-10 05:06:33 [INFO] [task_scheduler.cc:193] Sending 0 sample(s) to builder
2023-03-10 05:06:33 [INFO] [task_scheduler.cc:195] Sending 0 sample(s) to runner
2023-03-10 05:06:33 [INFO] [task_scheduler.cc:237] [Updated] Task #0: "main"
2023-03-10 05:06:33 [INFO] [task_scheduler.cc:320] 
 ID | Name |    FLOP | Weight | Speed (GFLOPS) | Latency (us) | Weighted Latency (us) | Trials | Done 
------------------------------------------------------------------------------------------------------
  0 | main | 1048576 |      1 |        79.4395 |      13.1997 |               13.1997 |      1 |      
------------------------------------------------------------------------------------------------------
Total trials: 1
Total latency (us): 13.1997

2023-03-10 05:06:33 [INFO] [task_scheduler.cc:180] TaskScheduler picks Task #0: "main"
2023-03-10 05:06:34 [INFO] [task_scheduler.cc:193] Sending 0 sample(s) to builder
2023-03-10 05:06:34 [INFO] [task_scheduler.cc:195] Sending 0 sample(s) to runner
2023-03-10 05:06:34 [INFO] [task_scheduler.cc:237] [Updated] Task #0: "main"
2023-03-10 05:06:34 [INFO] [task_scheduler.cc:320] 
 ID | Name |    FLOP | Weight | Speed (GFLOPS) | Latency (us) | Weighted Latency (us) | Trials | Done 
------------------------------------------------------------------------------------------------------
  0 | main | 1048576 |      1 |        79.4395 |      13.1997 |               13.1997 |      1 |      
------------------------------------------------------------------------------------------------------
Total trials: 1
Total latency (us): 13.1997

2023-03-10 05:06:34 [INFO] [task_scheduler.cc:180] TaskScheduler picks Task #0: "main"
2023-03-10 05:06:34 [INFO] [task_scheduler.cc:193] Sending 0 sample(s) to builder
2023-03-10 05:06:34 [INFO] [task_scheduler.cc:195] Sending 0 sample(s) to runner
2023-03-10 05:06:34 [INFO] [task_scheduler.cc:237] [Updated] Task #0: "main"
2023-03-10 05:06:34 [INFO] [task_scheduler.cc:320] 
 ID | Name |    FLOP | Weight | Speed (GFLOPS) | Latency (us) | Weighted Latency (us) | Trials | Done 
------------------------------------------------------------------------------------------------------
  0 | main | 1048576 |      1 |        79.4395 |      13.1997 |               13.1997 |      1 |      
------------------------------------------------------------------------------------------------------
Total trials: 1
Total latency (us): 13.1997

2023-03-10 05:06:34 [INFO] [task_scheduler.cc:180] TaskScheduler picks Task #0: "main"
2023-03-10 05:06:35 [INFO] [task_scheduler.cc:260] Task #0 has finished. Remaining task(s): 0
2023-03-10 05:06:35 [INFO] [task_scheduler.cc:320] 
 ID | Name |    FLOP | Weight | Speed (GFLOPS) | Latency (us) | Weighted Latency (us) | Trials | Done 
------------------------------------------------------------------------------------------------------
  0 | main | 1048576 |      1 |        79.4395 |      13.1997 |               13.1997 |      1 |    Y 
------------------------------------------------------------------------------------------------------
Total trials: 1
Total latency (us): 13.1997

2023-03-10 05:50:35 [INFO] LocalRunner: max_workers = 1
2023-03-10 05:50:35 [INFO] Logging directory: /home/ryguan/TileSparsity_TVM/AutoSchedule/Outputs/MetaScheduler/bn_256_ts_4_N_1024/logs
2023-03-10 05:50:35 [INFO] LocalBuilder: max_workers = 10
2023-03-10 05:50:36 [INFO] [task_scheduler.cc:159] Initializing Task #0: "main"
2023-03-10 05:50:36 [INFO] [task_scheduler.cc:180] TaskScheduler picks Task #0: "main"
2023-03-10 05:50:36 [INFO] [task_scheduler.cc:193] Sending 1 sample(s) to builder
2023-03-10 05:50:37 [INFO] [task_scheduler.cc:195] Sending 1 sample(s) to runner
2023-03-10 05:50:37 [DEBUG] XGB iter   0: tr-p-rmse: 0.450000	tr-a-peak@32: 1.000000	tr-rmse: 0.450000	tr-rmse: 0.450000
2023-03-10 05:50:37 [DEBUG] XGB iter  25: tr-p-rmse: 0.032305	tr-a-peak@32: 1.000000	tr-rmse: 0.032305	tr-rmse: 0.032305
2023-03-10 05:50:37 [DEBUG] XGB iter  50: tr-p-rmse: 0.002319	tr-a-peak@32: 1.000000	tr-rmse: 0.002319	tr-rmse: 0.002319
2023-03-10 05:50:37 [DEBUG] XGB iter  75: tr-p-rmse: 0.000166	tr-a-peak@32: 1.000000	tr-rmse: 0.000166	tr-rmse: 0.000166
2023-03-10 05:50:37 [DEBUG] XGB iter 100: tr-p-rmse: 0.000012	tr-a-peak@32: 1.000000	tr-rmse: 0.000012	tr-rmse: 0.000012
2023-03-10 05:50:38 [DEBUG] XGB iter 125: tr-p-rmse: 0.000001	tr-a-peak@32: 1.000000	tr-rmse: 0.000001	tr-rmse: 0.000001
2023-03-10 05:50:38 [DEBUG] XGB iter 150: tr-p-rmse: 0.000000	tr-a-peak@32: 1.000000	tr-rmse: 0.000000	tr-rmse: 0.000000
2023-03-10 05:50:38 [DEBUG] XGB iter 175: tr-p-rmse: 0.000000	tr-a-peak@32: 1.000000	tr-rmse: 0.000000	tr-rmse: 0.000000
2023-03-10 05:50:38 [DEBUG] XGB stopped. Best iteration: [131] tr-p-rmse:0.00000	tr-a-peak@32:1.00000	tr-rmse:0.00000	tr-rmse:0.00000 
2023-03-10 05:50:38 [INFO] [task_scheduler.cc:237] [Updated] Task #0: "main"
2023-03-10 05:50:38 [INFO] [task_scheduler.cc:320] 
 ID | Name |    FLOP | Weight | Speed (GFLOPS) | Latency (us) | Weighted Latency (us) | Trials | Done 
------------------------------------------------------------------------------------------------------
  0 | main | 1048576 |      1 |        80.4222 |      13.0384 |               13.0384 |      1 |      
------------------------------------------------------------------------------------------------------
Total trials: 1
Total latency (us): 13.0384

2023-03-10 05:50:38 [INFO] [task_scheduler.cc:180] TaskScheduler picks Task #0: "main"
2023-03-10 05:50:38 [INFO] [task_scheduler.cc:193] Sending 0 sample(s) to builder
2023-03-10 05:50:38 [INFO] [task_scheduler.cc:195] Sending 0 sample(s) to runner
2023-03-10 05:50:38 [INFO] [task_scheduler.cc:237] [Updated] Task #0: "main"
2023-03-10 05:50:38 [INFO] [task_scheduler.cc:320] 
 ID | Name |    FLOP | Weight | Speed (GFLOPS) | Latency (us) | Weighted Latency (us) | Trials | Done 
------------------------------------------------------------------------------------------------------
  0 | main | 1048576 |      1 |        80.4222 |      13.0384 |               13.0384 |      1 |      
------------------------------------------------------------------------------------------------------
Total trials: 1
Total latency (us): 13.0384

2023-03-10 05:50:38 [INFO] [task_scheduler.cc:180] TaskScheduler picks Task #0: "main"
2023-03-10 05:50:38 [INFO] [task_scheduler.cc:193] Sending 0 sample(s) to builder
2023-03-10 05:50:38 [INFO] [task_scheduler.cc:195] Sending 0 sample(s) to runner
2023-03-10 05:50:38 [INFO] [task_scheduler.cc:237] [Updated] Task #0: "main"
2023-03-10 05:50:38 [INFO] [task_scheduler.cc:320] 
 ID | Name |    FLOP | Weight | Speed (GFLOPS) | Latency (us) | Weighted Latency (us) | Trials | Done 
------------------------------------------------------------------------------------------------------
  0 | main | 1048576 |      1 |        80.4222 |      13.0384 |               13.0384 |      1 |      
------------------------------------------------------------------------------------------------------
Total trials: 1
Total latency (us): 13.0384

2023-03-10 05:50:38 [INFO] [task_scheduler.cc:180] TaskScheduler picks Task #0: "main"
2023-03-10 05:50:39 [INFO] [task_scheduler.cc:193] Sending 0 sample(s) to builder
2023-03-10 05:50:39 [INFO] [task_scheduler.cc:195] Sending 0 sample(s) to runner
2023-03-10 05:50:39 [INFO] [task_scheduler.cc:237] [Updated] Task #0: "main"
2023-03-10 05:50:39 [INFO] [task_scheduler.cc:320] 
 ID | Name |    FLOP | Weight | Speed (GFLOPS) | Latency (us) | Weighted Latency (us) | Trials | Done 
------------------------------------------------------------------------------------------------------
  0 | main | 1048576 |      1 |        80.4222 |      13.0384 |               13.0384 |      1 |      
------------------------------------------------------------------------------------------------------
Total trials: 1
Total latency (us): 13.0384

2023-03-10 05:50:39 [INFO] [task_scheduler.cc:180] TaskScheduler picks Task #0: "main"
2023-03-10 05:50:39 [INFO] [task_scheduler.cc:193] Sending 0 sample(s) to builder
2023-03-10 05:50:39 [INFO] [task_scheduler.cc:195] Sending 0 sample(s) to runner
2023-03-10 05:50:39 [INFO] [task_scheduler.cc:237] [Updated] Task #0: "main"
2023-03-10 05:50:39 [INFO] [task_scheduler.cc:320] 
 ID | Name |    FLOP | Weight | Speed (GFLOPS) | Latency (us) | Weighted Latency (us) | Trials | Done 
------------------------------------------------------------------------------------------------------
  0 | main | 1048576 |      1 |        80.4222 |      13.0384 |               13.0384 |      1 |      
------------------------------------------------------------------------------------------------------
Total trials: 1
Total latency (us): 13.0384

2023-03-10 05:50:39 [INFO] [task_scheduler.cc:180] TaskScheduler picks Task #0: "main"
2023-03-10 05:50:40 [INFO] [task_scheduler.cc:260] Task #0 has finished. Remaining task(s): 0
2023-03-10 05:50:40 [INFO] [task_scheduler.cc:320] 
 ID | Name |    FLOP | Weight | Speed (GFLOPS) | Latency (us) | Weighted Latency (us) | Trials | Done 
------------------------------------------------------------------------------------------------------
  0 | main | 1048576 |      1 |        80.4222 |      13.0384 |               13.0384 |      1 |    Y 
------------------------------------------------------------------------------------------------------
Total trials: 1
Total latency (us): 13.0384

2023-03-10 06:36:29 [INFO] LocalRunner: max_workers = 1
2023-03-10 06:36:30 [INFO] Logging directory: /home/ryguan/TileSparsity_TVM/AutoSchedule/Outputs/MetaScheduler/bn_256_ts_4_N_1024/logs
2023-03-10 06:36:30 [INFO] LocalBuilder: max_workers = 10
2023-03-10 06:36:30 [INFO] [task_scheduler.cc:159] Initializing Task #0: "main"
2023-03-10 06:36:30 [INFO] [task_scheduler.cc:180] TaskScheduler picks Task #0: "main"
2023-03-10 06:36:31 [INFO] [task_scheduler.cc:193] Sending 1 sample(s) to builder
2023-03-10 06:36:31 [INFO] [task_scheduler.cc:195] Sending 1 sample(s) to runner
2023-03-10 06:36:32 [DEBUG] XGB iter   0: tr-p-rmse: 0.450000	tr-a-peak@32: 1.000000	tr-rmse: 0.450000	tr-rmse: 0.450000
2023-03-10 06:36:32 [DEBUG] XGB iter  25: tr-p-rmse: 0.032305	tr-a-peak@32: 1.000000	tr-rmse: 0.032305	tr-rmse: 0.032305
2023-03-10 06:36:32 [DEBUG] XGB iter  50: tr-p-rmse: 0.002319	tr-a-peak@32: 1.000000	tr-rmse: 0.002319	tr-rmse: 0.002319
2023-03-10 06:36:32 [DEBUG] XGB iter  75: tr-p-rmse: 0.000166	tr-a-peak@32: 1.000000	tr-rmse: 0.000166	tr-rmse: 0.000166
2023-03-10 06:36:32 [DEBUG] XGB iter 100: tr-p-rmse: 0.000012	tr-a-peak@32: 1.000000	tr-rmse: 0.000012	tr-rmse: 0.000012
2023-03-10 06:36:32 [DEBUG] XGB iter 125: tr-p-rmse: 0.000001	tr-a-peak@32: 1.000000	tr-rmse: 0.000001	tr-rmse: 0.000001
2023-03-10 06:36:32 [DEBUG] XGB iter 150: tr-p-rmse: 0.000000	tr-a-peak@32: 1.000000	tr-rmse: 0.000000	tr-rmse: 0.000000
2023-03-10 06:36:32 [DEBUG] XGB iter 175: tr-p-rmse: 0.000000	tr-a-peak@32: 1.000000	tr-rmse: 0.000000	tr-rmse: 0.000000
2023-03-10 06:36:32 [DEBUG] XGB stopped. Best iteration: [131] tr-p-rmse:0.00000	tr-a-peak@32:1.00000	tr-rmse:0.00000	tr-rmse:0.00000 
2023-03-10 06:36:32 [INFO] [task_scheduler.cc:237] [Updated] Task #0: "main"
2023-03-10 06:36:32 [INFO] [task_scheduler.cc:320] 
 ID | Name |    FLOP | Weight | Speed (GFLOPS) | Latency (us) | Weighted Latency (us) | Trials | Done 
------------------------------------------------------------------------------------------------------
  0 | main | 1048576 |      1 |        80.4845 |      13.0283 |               13.0283 |      1 |      
------------------------------------------------------------------------------------------------------
Total trials: 1
Total latency (us): 13.0283

2023-03-10 06:36:32 [INFO] [task_scheduler.cc:180] TaskScheduler picks Task #0: "main"
2023-03-10 06:36:32 [INFO] [task_scheduler.cc:193] Sending 0 sample(s) to builder
2023-03-10 06:36:32 [INFO] [task_scheduler.cc:195] Sending 0 sample(s) to runner
2023-03-10 06:36:32 [INFO] [task_scheduler.cc:237] [Updated] Task #0: "main"
2023-03-10 06:36:32 [INFO] [task_scheduler.cc:320] 
 ID | Name |    FLOP | Weight | Speed (GFLOPS) | Latency (us) | Weighted Latency (us) | Trials | Done 
------------------------------------------------------------------------------------------------------
  0 | main | 1048576 |      1 |        80.4845 |      13.0283 |               13.0283 |      1 |      
------------------------------------------------------------------------------------------------------
Total trials: 1
Total latency (us): 13.0283

2023-03-10 06:36:32 [INFO] [task_scheduler.cc:180] TaskScheduler picks Task #0: "main"
2023-03-10 06:36:33 [INFO] [task_scheduler.cc:193] Sending 0 sample(s) to builder
2023-03-10 06:36:33 [INFO] [task_scheduler.cc:195] Sending 0 sample(s) to runner
2023-03-10 06:36:33 [INFO] [task_scheduler.cc:237] [Updated] Task #0: "main"
2023-03-10 06:36:33 [INFO] [task_scheduler.cc:320] 
 ID | Name |    FLOP | Weight | Speed (GFLOPS) | Latency (us) | Weighted Latency (us) | Trials | Done 
------------------------------------------------------------------------------------------------------
  0 | main | 1048576 |      1 |        80.4845 |      13.0283 |               13.0283 |      1 |      
------------------------------------------------------------------------------------------------------
Total trials: 1
Total latency (us): 13.0283

2023-03-10 06:36:33 [INFO] [task_scheduler.cc:180] TaskScheduler picks Task #0: "main"
2023-03-10 06:36:33 [INFO] [task_scheduler.cc:193] Sending 0 sample(s) to builder
2023-03-10 06:36:33 [INFO] [task_scheduler.cc:195] Sending 0 sample(s) to runner
2023-03-10 06:36:33 [INFO] [task_scheduler.cc:237] [Updated] Task #0: "main"
2023-03-10 06:36:33 [INFO] [task_scheduler.cc:320] 
 ID | Name |    FLOP | Weight | Speed (GFLOPS) | Latency (us) | Weighted Latency (us) | Trials | Done 
------------------------------------------------------------------------------------------------------
  0 | main | 1048576 |      1 |        80.4845 |      13.0283 |               13.0283 |      1 |      
------------------------------------------------------------------------------------------------------
Total trials: 1
Total latency (us): 13.0283

2023-03-10 06:36:33 [INFO] [task_scheduler.cc:180] TaskScheduler picks Task #0: "main"
2023-03-10 06:36:34 [INFO] [task_scheduler.cc:193] Sending 0 sample(s) to builder
2023-03-10 06:36:34 [INFO] [task_scheduler.cc:195] Sending 0 sample(s) to runner
2023-03-10 06:36:34 [INFO] [task_scheduler.cc:237] [Updated] Task #0: "main"
2023-03-10 06:36:34 [INFO] [task_scheduler.cc:320] 
 ID | Name |    FLOP | Weight | Speed (GFLOPS) | Latency (us) | Weighted Latency (us) | Trials | Done 
------------------------------------------------------------------------------------------------------
  0 | main | 1048576 |      1 |        80.4845 |      13.0283 |               13.0283 |      1 |      
------------------------------------------------------------------------------------------------------
Total trials: 1
Total latency (us): 13.0283

2023-03-10 06:36:34 [INFO] [task_scheduler.cc:180] TaskScheduler picks Task #0: "main"
2023-03-10 06:36:34 [INFO] [task_scheduler.cc:260] Task #0 has finished. Remaining task(s): 0
2023-03-10 06:36:34 [INFO] [task_scheduler.cc:320] 
 ID | Name |    FLOP | Weight | Speed (GFLOPS) | Latency (us) | Weighted Latency (us) | Trials | Done 
------------------------------------------------------------------------------------------------------
  0 | main | 1048576 |      1 |        80.4845 |      13.0283 |               13.0283 |      1 |    Y 
------------------------------------------------------------------------------------------------------
Total trials: 1
Total latency (us): 13.0283

2023-03-10 07:31:16 [INFO] LocalRunner: max_workers = 1
2023-03-10 07:31:16 [INFO] Logging directory: /home/ryguan/TileSparsity_TVM/AutoSchedule/Outputs/MetaScheduler/bn_256_ts_4_N_1024/logs
2023-03-10 07:31:16 [INFO] LocalBuilder: max_workers = 10
2023-03-10 07:31:16 [INFO] [task_scheduler.cc:159] Initializing Task #0: "main"
2023-03-10 07:31:16 [INFO] [task_scheduler.cc:180] TaskScheduler picks Task #0: "main"
2023-03-10 07:31:17 [INFO] [task_scheduler.cc:193] Sending 1 sample(s) to builder
2023-03-10 07:31:17 [INFO] [task_scheduler.cc:195] Sending 1 sample(s) to runner
2023-03-10 07:31:18 [DEBUG] XGB iter   0: tr-p-rmse: 0.450000	tr-a-peak@32: 1.000000	tr-rmse: 0.450000	tr-rmse: 0.450000
2023-03-10 07:31:18 [DEBUG] XGB iter  25: tr-p-rmse: 0.032305	tr-a-peak@32: 1.000000	tr-rmse: 0.032305	tr-rmse: 0.032305
2023-03-10 07:31:18 [DEBUG] XGB iter  50: tr-p-rmse: 0.002319	tr-a-peak@32: 1.000000	tr-rmse: 0.002319	tr-rmse: 0.002319
2023-03-10 07:31:18 [DEBUG] XGB iter  75: tr-p-rmse: 0.000166	tr-a-peak@32: 1.000000	tr-rmse: 0.000166	tr-rmse: 0.000166
2023-03-10 07:31:18 [DEBUG] XGB iter 100: tr-p-rmse: 0.000012	tr-a-peak@32: 1.000000	tr-rmse: 0.000012	tr-rmse: 0.000012
2023-03-10 07:31:18 [DEBUG] XGB iter 125: tr-p-rmse: 0.000001	tr-a-peak@32: 1.000000	tr-rmse: 0.000001	tr-rmse: 0.000001
2023-03-10 07:31:18 [DEBUG] XGB iter 150: tr-p-rmse: 0.000000	tr-a-peak@32: 1.000000	tr-rmse: 0.000000	tr-rmse: 0.000000
2023-03-10 07:31:18 [DEBUG] XGB iter 175: tr-p-rmse: 0.000000	tr-a-peak@32: 1.000000	tr-rmse: 0.000000	tr-rmse: 0.000000
2023-03-10 07:31:18 [DEBUG] XGB stopped. Best iteration: [131] tr-p-rmse:0.00000	tr-a-peak@32:1.00000	tr-rmse:0.00000	tr-rmse:0.00000 
2023-03-10 07:31:18 [INFO] [task_scheduler.cc:237] [Updated] Task #0: "main"
2023-03-10 07:31:18 [INFO] [task_scheduler.cc:320] 
 ID | Name |    FLOP | Weight | Speed (GFLOPS) | Latency (us) | Weighted Latency (us) | Trials | Done 
------------------------------------------------------------------------------------------------------
  0 | main | 1048576 |      1 |        79.6542 |      13.1641 |               13.1641 |      1 |      
------------------------------------------------------------------------------------------------------
Total trials: 1
Total latency (us): 13.1641

2023-03-10 07:31:18 [INFO] [task_scheduler.cc:180] TaskScheduler picks Task #0: "main"
2023-03-10 07:31:19 [INFO] [task_scheduler.cc:193] Sending 0 sample(s) to builder
2023-03-10 07:31:19 [INFO] [task_scheduler.cc:195] Sending 0 sample(s) to runner
2023-03-10 07:31:19 [INFO] [task_scheduler.cc:237] [Updated] Task #0: "main"
2023-03-10 07:31:19 [INFO] [task_scheduler.cc:320] 
 ID | Name |    FLOP | Weight | Speed (GFLOPS) | Latency (us) | Weighted Latency (us) | Trials | Done 
------------------------------------------------------------------------------------------------------
  0 | main | 1048576 |      1 |        79.6542 |      13.1641 |               13.1641 |      1 |      
------------------------------------------------------------------------------------------------------
Total trials: 1
Total latency (us): 13.1641

2023-03-10 07:31:19 [INFO] [task_scheduler.cc:180] TaskScheduler picks Task #0: "main"
2023-03-10 07:31:19 [INFO] [task_scheduler.cc:193] Sending 0 sample(s) to builder
2023-03-10 07:31:19 [INFO] [task_scheduler.cc:195] Sending 0 sample(s) to runner
2023-03-10 07:31:19 [INFO] [task_scheduler.cc:237] [Updated] Task #0: "main"
2023-03-10 07:31:19 [INFO] [task_scheduler.cc:320] 
 ID | Name |    FLOP | Weight | Speed (GFLOPS) | Latency (us) | Weighted Latency (us) | Trials | Done 
------------------------------------------------------------------------------------------------------
  0 | main | 1048576 |      1 |        79.6542 |      13.1641 |               13.1641 |      1 |      
------------------------------------------------------------------------------------------------------
Total trials: 1
Total latency (us): 13.1641

2023-03-10 07:31:19 [INFO] [task_scheduler.cc:180] TaskScheduler picks Task #0: "main"
2023-03-10 07:31:19 [INFO] [task_scheduler.cc:193] Sending 0 sample(s) to builder
2023-03-10 07:31:19 [INFO] [task_scheduler.cc:195] Sending 0 sample(s) to runner
2023-03-10 07:31:19 [INFO] [task_scheduler.cc:237] [Updated] Task #0: "main"
2023-03-10 07:31:19 [INFO] [task_scheduler.cc:320] 
 ID | Name |    FLOP | Weight | Speed (GFLOPS) | Latency (us) | Weighted Latency (us) | Trials | Done 
------------------------------------------------------------------------------------------------------
  0 | main | 1048576 |      1 |        79.6542 |      13.1641 |               13.1641 |      1 |      
------------------------------------------------------------------------------------------------------
Total trials: 1
Total latency (us): 13.1641

2023-03-10 07:31:19 [INFO] [task_scheduler.cc:180] TaskScheduler picks Task #0: "main"
2023-03-10 07:31:20 [INFO] [task_scheduler.cc:193] Sending 0 sample(s) to builder
2023-03-10 07:31:20 [INFO] [task_scheduler.cc:195] Sending 0 sample(s) to runner
2023-03-10 07:31:20 [INFO] [task_scheduler.cc:237] [Updated] Task #0: "main"
2023-03-10 07:31:20 [INFO] [task_scheduler.cc:320] 
 ID | Name |    FLOP | Weight | Speed (GFLOPS) | Latency (us) | Weighted Latency (us) | Trials | Done 
------------------------------------------------------------------------------------------------------
  0 | main | 1048576 |      1 |        79.6542 |      13.1641 |               13.1641 |      1 |      
------------------------------------------------------------------------------------------------------
Total trials: 1
Total latency (us): 13.1641

2023-03-10 07:31:20 [INFO] [task_scheduler.cc:180] TaskScheduler picks Task #0: "main"
2023-03-10 07:31:20 [INFO] [task_scheduler.cc:260] Task #0 has finished. Remaining task(s): 0
2023-03-10 07:31:20 [INFO] [task_scheduler.cc:320] 
 ID | Name |    FLOP | Weight | Speed (GFLOPS) | Latency (us) | Weighted Latency (us) | Trials | Done 
------------------------------------------------------------------------------------------------------
  0 | main | 1048576 |      1 |        79.6542 |      13.1641 |               13.1641 |      1 |    Y 
------------------------------------------------------------------------------------------------------
Total trials: 1
Total latency (us): 13.1641

2023-03-10 08:18:16 [INFO] LocalRunner: max_workers = 1
2023-03-10 08:18:16 [INFO] Logging directory: /home/ryguan/TileSparsity_TVM/AutoSchedule/Outputs/MetaScheduler/bn_256_ts_4_N_1024/logs
2023-03-10 08:18:16 [INFO] LocalBuilder: max_workers = 10
2023-03-10 08:18:17 [INFO] [task_scheduler.cc:159] Initializing Task #0: "main"
2023-03-10 08:18:17 [INFO] [task_scheduler.cc:180] TaskScheduler picks Task #0: "main"
2023-03-10 08:18:17 [INFO] [task_scheduler.cc:193] Sending 1 sample(s) to builder
2023-03-10 08:18:18 [INFO] [task_scheduler.cc:195] Sending 1 sample(s) to runner
2023-03-10 08:18:18 [DEBUG] XGB iter   0: tr-p-rmse: 0.450000	tr-a-peak@32: 1.000000	tr-rmse: 0.450000	tr-rmse: 0.450000
2023-03-10 08:18:18 [DEBUG] XGB iter  25: tr-p-rmse: 0.032305	tr-a-peak@32: 1.000000	tr-rmse: 0.032305	tr-rmse: 0.032305
2023-03-10 08:18:18 [DEBUG] XGB iter  50: tr-p-rmse: 0.002319	tr-a-peak@32: 1.000000	tr-rmse: 0.002319	tr-rmse: 0.002319
2023-03-10 08:18:18 [DEBUG] XGB iter  75: tr-p-rmse: 0.000166	tr-a-peak@32: 1.000000	tr-rmse: 0.000166	tr-rmse: 0.000166
2023-03-10 08:18:18 [DEBUG] XGB iter 100: tr-p-rmse: 0.000012	tr-a-peak@32: 1.000000	tr-rmse: 0.000012	tr-rmse: 0.000012
2023-03-10 08:18:18 [DEBUG] XGB iter 125: tr-p-rmse: 0.000001	tr-a-peak@32: 1.000000	tr-rmse: 0.000001	tr-rmse: 0.000001
2023-03-10 08:18:18 [DEBUG] XGB iter 150: tr-p-rmse: 0.000000	tr-a-peak@32: 1.000000	tr-rmse: 0.000000	tr-rmse: 0.000000
2023-03-10 08:18:18 [DEBUG] XGB iter 175: tr-p-rmse: 0.000000	tr-a-peak@32: 1.000000	tr-rmse: 0.000000	tr-rmse: 0.000000
2023-03-10 08:18:18 [DEBUG] XGB stopped. Best iteration: [131] tr-p-rmse:0.00000	tr-a-peak@32:1.00000	tr-rmse:0.00000	tr-rmse:0.00000 
2023-03-10 08:18:18 [INFO] [task_scheduler.cc:237] [Updated] Task #0: "main"
2023-03-10 08:18:18 [INFO] [task_scheduler.cc:320] 
 ID | Name |    FLOP | Weight | Speed (GFLOPS) | Latency (us) | Weighted Latency (us) | Trials | Done 
------------------------------------------------------------------------------------------------------
  0 | main | 1048576 |      1 |        80.8327 |      12.9722 |               12.9722 |      1 |      
------------------------------------------------------------------------------------------------------
Total trials: 1
Total latency (us): 12.9722

2023-03-10 08:18:18 [INFO] [task_scheduler.cc:180] TaskScheduler picks Task #0: "main"
2023-03-10 08:18:19 [INFO] [task_scheduler.cc:193] Sending 0 sample(s) to builder
2023-03-10 08:18:19 [INFO] [task_scheduler.cc:195] Sending 0 sample(s) to runner
2023-03-10 08:18:19 [INFO] [task_scheduler.cc:237] [Updated] Task #0: "main"
2023-03-10 08:18:19 [INFO] [task_scheduler.cc:320] 
 ID | Name |    FLOP | Weight | Speed (GFLOPS) | Latency (us) | Weighted Latency (us) | Trials | Done 
------------------------------------------------------------------------------------------------------
  0 | main | 1048576 |      1 |        80.8327 |      12.9722 |               12.9722 |      1 |      
------------------------------------------------------------------------------------------------------
Total trials: 1
Total latency (us): 12.9722

2023-03-10 08:18:19 [INFO] [task_scheduler.cc:180] TaskScheduler picks Task #0: "main"
2023-03-10 08:18:19 [INFO] [task_scheduler.cc:193] Sending 0 sample(s) to builder
2023-03-10 08:18:19 [INFO] [task_scheduler.cc:195] Sending 0 sample(s) to runner
2023-03-10 08:18:19 [INFO] [task_scheduler.cc:237] [Updated] Task #0: "main"
2023-03-10 08:18:19 [INFO] [task_scheduler.cc:320] 
 ID | Name |    FLOP | Weight | Speed (GFLOPS) | Latency (us) | Weighted Latency (us) | Trials | Done 
------------------------------------------------------------------------------------------------------
  0 | main | 1048576 |      1 |        80.8327 |      12.9722 |               12.9722 |      1 |      
------------------------------------------------------------------------------------------------------
Total trials: 1
Total latency (us): 12.9722

2023-03-10 08:18:19 [INFO] [task_scheduler.cc:180] TaskScheduler picks Task #0: "main"
2023-03-10 08:18:20 [INFO] [task_scheduler.cc:193] Sending 0 sample(s) to builder
2023-03-10 08:18:20 [INFO] [task_scheduler.cc:195] Sending 0 sample(s) to runner
2023-03-10 08:18:20 [INFO] [task_scheduler.cc:237] [Updated] Task #0: "main"
2023-03-10 08:18:20 [INFO] [task_scheduler.cc:320] 
 ID | Name |    FLOP | Weight | Speed (GFLOPS) | Latency (us) | Weighted Latency (us) | Trials | Done 
------------------------------------------------------------------------------------------------------
  0 | main | 1048576 |      1 |        80.8327 |      12.9722 |               12.9722 |      1 |      
------------------------------------------------------------------------------------------------------
Total trials: 1
Total latency (us): 12.9722

2023-03-10 08:18:20 [INFO] [task_scheduler.cc:180] TaskScheduler picks Task #0: "main"
2023-03-10 08:18:20 [INFO] [task_scheduler.cc:193] Sending 0 sample(s) to builder
2023-03-10 08:18:20 [INFO] [task_scheduler.cc:195] Sending 0 sample(s) to runner
2023-03-10 08:18:20 [INFO] [task_scheduler.cc:237] [Updated] Task #0: "main"
2023-03-10 08:18:20 [INFO] [task_scheduler.cc:320] 
 ID | Name |    FLOP | Weight | Speed (GFLOPS) | Latency (us) | Weighted Latency (us) | Trials | Done 
------------------------------------------------------------------------------------------------------
  0 | main | 1048576 |      1 |        80.8327 |      12.9722 |               12.9722 |      1 |      
------------------------------------------------------------------------------------------------------
Total trials: 1
Total latency (us): 12.9722

2023-03-10 08:18:20 [INFO] [task_scheduler.cc:180] TaskScheduler picks Task #0: "main"
2023-03-10 08:18:21 [INFO] [task_scheduler.cc:260] Task #0 has finished. Remaining task(s): 0
2023-03-10 08:18:21 [INFO] [task_scheduler.cc:320] 
 ID | Name |    FLOP | Weight | Speed (GFLOPS) | Latency (us) | Weighted Latency (us) | Trials | Done 
------------------------------------------------------------------------------------------------------
  0 | main | 1048576 |      1 |        80.8327 |      12.9722 |               12.9722 |      1 |    Y 
------------------------------------------------------------------------------------------------------
Total trials: 1
Total latency (us): 12.9722

2023-03-10 09:11:53 [INFO] LocalRunner: max_workers = 1
2023-03-10 09:11:54 [INFO] Logging directory: /home/ryguan/TileSparsity_TVM/AutoSchedule/Outputs/MetaScheduler/bn_256_ts_4_N_1024/logs
2023-03-10 09:11:54 [INFO] LocalBuilder: max_workers = 10
2023-03-10 09:11:54 [INFO] [task_scheduler.cc:159] Initializing Task #0: "main"
2023-03-10 09:11:54 [INFO] [task_scheduler.cc:180] TaskScheduler picks Task #0: "main"
2023-03-10 09:11:55 [INFO] [task_scheduler.cc:193] Sending 1 sample(s) to builder
2023-03-10 09:11:55 [INFO] [task_scheduler.cc:195] Sending 1 sample(s) to runner
2023-03-10 09:11:56 [DEBUG] XGB iter   0: tr-p-rmse: 0.450000	tr-a-peak@32: 1.000000	tr-rmse: 0.450000	tr-rmse: 0.450000
2023-03-10 09:11:56 [DEBUG] XGB iter  25: tr-p-rmse: 0.032305	tr-a-peak@32: 1.000000	tr-rmse: 0.032305	tr-rmse: 0.032305
2023-03-10 09:11:56 [DEBUG] XGB iter  50: tr-p-rmse: 0.002319	tr-a-peak@32: 1.000000	tr-rmse: 0.002319	tr-rmse: 0.002319
2023-03-10 09:11:56 [DEBUG] XGB iter  75: tr-p-rmse: 0.000166	tr-a-peak@32: 1.000000	tr-rmse: 0.000166	tr-rmse: 0.000166
2023-03-10 09:11:56 [DEBUG] XGB iter 100: tr-p-rmse: 0.000012	tr-a-peak@32: 1.000000	tr-rmse: 0.000012	tr-rmse: 0.000012
2023-03-10 09:11:56 [DEBUG] XGB iter 125: tr-p-rmse: 0.000001	tr-a-peak@32: 1.000000	tr-rmse: 0.000001	tr-rmse: 0.000001
2023-03-10 09:11:56 [DEBUG] XGB iter 150: tr-p-rmse: 0.000000	tr-a-peak@32: 1.000000	tr-rmse: 0.000000	tr-rmse: 0.000000
2023-03-10 09:11:56 [DEBUG] XGB iter 175: tr-p-rmse: 0.000000	tr-a-peak@32: 1.000000	tr-rmse: 0.000000	tr-rmse: 0.000000
2023-03-10 09:11:56 [DEBUG] XGB stopped. Best iteration: [131] tr-p-rmse:0.00000	tr-a-peak@32:1.00000	tr-rmse:0.00000	tr-rmse:0.00000 
2023-03-10 09:11:56 [INFO] [task_scheduler.cc:237] [Updated] Task #0: "main"
2023-03-10 09:11:56 [INFO] [task_scheduler.cc:320] 
 ID | Name |    FLOP | Weight | Speed (GFLOPS) | Latency (us) | Weighted Latency (us) | Trials | Done 
------------------------------------------------------------------------------------------------------
  0 | main | 1048576 |      1 |        80.3090 |      13.0568 |               13.0568 |      1 |      
------------------------------------------------------------------------------------------------------
Total trials: 1
Total latency (us): 13.0568

2023-03-10 09:11:56 [INFO] [task_scheduler.cc:180] TaskScheduler picks Task #0: "main"
2023-03-10 09:11:56 [INFO] [task_scheduler.cc:193] Sending 0 sample(s) to builder
2023-03-10 09:11:56 [INFO] [task_scheduler.cc:195] Sending 0 sample(s) to runner
2023-03-10 09:11:56 [INFO] [task_scheduler.cc:237] [Updated] Task #0: "main"
2023-03-10 09:11:56 [INFO] [task_scheduler.cc:320] 
 ID | Name |    FLOP | Weight | Speed (GFLOPS) | Latency (us) | Weighted Latency (us) | Trials | Done 
------------------------------------------------------------------------------------------------------
  0 | main | 1048576 |      1 |        80.3090 |      13.0568 |               13.0568 |      1 |      
------------------------------------------------------------------------------------------------------
Total trials: 1
Total latency (us): 13.0568

2023-03-10 09:11:56 [INFO] [task_scheduler.cc:180] TaskScheduler picks Task #0: "main"
2023-03-10 09:11:57 [INFO] [task_scheduler.cc:193] Sending 0 sample(s) to builder
2023-03-10 09:11:57 [INFO] [task_scheduler.cc:195] Sending 0 sample(s) to runner
2023-03-10 09:11:57 [INFO] [task_scheduler.cc:237] [Updated] Task #0: "main"
2023-03-10 09:11:57 [INFO] [task_scheduler.cc:320] 
 ID | Name |    FLOP | Weight | Speed (GFLOPS) | Latency (us) | Weighted Latency (us) | Trials | Done 
------------------------------------------------------------------------------------------------------
  0 | main | 1048576 |      1 |        80.3090 |      13.0568 |               13.0568 |      1 |      
------------------------------------------------------------------------------------------------------
Total trials: 1
Total latency (us): 13.0568

2023-03-10 09:11:57 [INFO] [task_scheduler.cc:180] TaskScheduler picks Task #0: "main"
2023-03-10 09:11:57 [INFO] [task_scheduler.cc:193] Sending 0 sample(s) to builder
2023-03-10 09:11:57 [INFO] [task_scheduler.cc:195] Sending 0 sample(s) to runner
2023-03-10 09:11:57 [INFO] [task_scheduler.cc:237] [Updated] Task #0: "main"
2023-03-10 09:11:57 [INFO] [task_scheduler.cc:320] 
 ID | Name |    FLOP | Weight | Speed (GFLOPS) | Latency (us) | Weighted Latency (us) | Trials | Done 
------------------------------------------------------------------------------------------------------
  0 | main | 1048576 |      1 |        80.3090 |      13.0568 |               13.0568 |      1 |      
------------------------------------------------------------------------------------------------------
Total trials: 1
Total latency (us): 13.0568

2023-03-10 09:11:57 [INFO] [task_scheduler.cc:180] TaskScheduler picks Task #0: "main"
2023-03-10 09:11:58 [INFO] [task_scheduler.cc:193] Sending 0 sample(s) to builder
2023-03-10 09:11:58 [INFO] [task_scheduler.cc:195] Sending 0 sample(s) to runner
2023-03-10 09:11:58 [INFO] [task_scheduler.cc:237] [Updated] Task #0: "main"
2023-03-10 09:11:58 [INFO] [task_scheduler.cc:320] 
 ID | Name |    FLOP | Weight | Speed (GFLOPS) | Latency (us) | Weighted Latency (us) | Trials | Done 
------------------------------------------------------------------------------------------------------
  0 | main | 1048576 |      1 |        80.3090 |      13.0568 |               13.0568 |      1 |      
------------------------------------------------------------------------------------------------------
Total trials: 1
Total latency (us): 13.0568

2023-03-10 09:11:58 [INFO] [task_scheduler.cc:180] TaskScheduler picks Task #0: "main"
2023-03-10 09:11:58 [INFO] [task_scheduler.cc:260] Task #0 has finished. Remaining task(s): 0
2023-03-10 09:11:58 [INFO] [task_scheduler.cc:320] 
 ID | Name |    FLOP | Weight | Speed (GFLOPS) | Latency (us) | Weighted Latency (us) | Trials | Done 
------------------------------------------------------------------------------------------------------
  0 | main | 1048576 |      1 |        80.3090 |      13.0568 |               13.0568 |      1 |    Y 
------------------------------------------------------------------------------------------------------
Total trials: 1
Total latency (us): 13.0568

